#
# A fatal error has been detected by the Java Runtime Environment:
#
#  SIGSEGV (0xb) at pc=0x00007f10ff39b611, pid=7492, tid=139711669171968
#
# JRE version: 6.0_17-b04
# Java VM: Java HotSpot(TM) 64-Bit Server VM (14.3-b01 mixed mode linux-amd64 )
# Problematic frame:
# C  [libidl.so.8.2+0x313611]
#
# If you would like to submit a bug report, please visit:
#   http://java.sun.com/webapps/bugreport/crash.jsp
# The crash happened outside the Java Virtual Machine in native code.
# See problematic frame for where to report the bug.
#

---------------  T H R E A D  ---------------

Current thread (0x00007f199462c800):  JavaThread "IDL" [_thread_in_native, id=7526, stack(0x00007f1128597000,0x00007f1128698000)]

siginfo:si_signo=SIGSEGV: si_errno=0, si_code=1 (SEGV_MAPERR), si_addr=0x000000008000d8ad

Registers:
RAX=0x00007f1100100940, RBX=0x0000000000000000, RCX=0x000000000000006a, RDX=0x0000000000000000
RSP=0x00007f1128695e00, RBP=0x0000000000000001, RSI=0x0000000000000000, RDI=0x000000008000d8ad
R8 =0x0000000000000070, R9 =0x0101010101010101, R10=0x00007f199c636820, R11=0x00007f199c80bd76
R12=0x0000000000000001, R13=0x0000000000000000, R14=0x0000000000000001, R15=0x0000000000000000
RIP=0x00007f10ff39b611, EFL=0x0000000000010202, CSGSFS=0x0000000000000033, ERR=0x0000000000000004
  TRAPNO=0x000000000000000e

Top of Stack: (sp=0x00007f1128695e00)
0x00007f1128695e00:   00007f1128695e90 00007f10ff2896a0
0x00007f1128695e10:   0000000000000008 0000000000000000
0x00007f1128695e20:   0000000000000000 00007f1100100940
0x00007f1128695e30:   00000000ffffffff 0000000000000000
0x00007f1128695e40:   00007f10ff397e5f 0000000000000000
0x00007f1128695e50:   00007f10ff39b316 0000000000000000
0x00007f1128695e60:   0000000000000000 0000000000000001
0x00007f1128695e70:   0000000000000000 0000000000000000
0x00007f1128695e80:   0000000000000000 0000000000000000
0x00007f1128695e90:   0000000000000000 0000000000000000
0x00007f1128695ea0:   0000000000000000 00007f106800f5c0
0x00007f1128695eb0:   00007f1900000048 000000009462c800
0x00007f1128695ec0:   00007f199462c9b8 0000000000000000
0x00007f1128695ed0:   00007f1100000a00 00007f199462c800
0x00007f1128695ee0:   00007f1128695f30 00007f199c126a98
0x00007f1128695ef0:   00007f199462c800 00007f199c127ba6
0x00007f1128695f00:   00007f199462c800 00007f11285958a0
0x00007f1128695f10:   00007f1128696080 0000000000000055
0x00007f1128695f20:   00007f10fff2f8d0 00007f10fff2f8d0
0x00007f1128695f30:   00007f199462c800 00007f10ff3c7e2c
0x00007f1128695f40:   0000000000000000 0000000000000000
0x00007f1128695f50:   0000000000000000 00007f11285958a0
0x00007f1128695f60:   00007f1128696080 0000000000000000
0x00007f1128695f70:   0000000100000000 00007f11285958a0
0x00007f1128695f80:   00007f1100000000 00007f10ff221e2f
0x00007f1128695f90:   00007f1103eb0990 0000000000000000
0x00007f1128695fa0:   00007f11285958a0 cd21b3005b4cead4
0x00007f1128695fb0:   0000000000000000 0000000000000000
0x00007f1128695fc0:   00007f1100000a00 00007f199462c800
0x00007f1128695fd0:   cd21b300256cead4 cd221d96a12cead4
0x00007f1128695fe0:   0000004800000000 00007f11021b7fe0
0x00007f1128695ff0:   00007f1128696030 00007f1000000000 

Instructions: (pc=0x00007f10ff39b611)
0x00007f10ff39b601:   00 00 48 89 44 24 10 48 8b 44 24 28 48 8b 3c d8
0x00007f10ff39b611:   80 3f 0b 75 7b e8 65 be 02 00 85 c0 74 72 90 e8 

Stack: [0x00007f1128597000,0x00007f1128698000],  sp=0x00007f1128695e00,  free space=1019k
Native frames: (J=compiled Java code, j=interpreted, Vv=VM code, C=native code)
C  [libidl.so.8.2+0x313611]

Java frames: (J=compiled Java code, j=interpreted, Vv=VM code)
j  com.rsi.idldt.core.ips.IPS_Access.IPS_Start([Ljava/lang/String;)V+0
j  com.rsi.idldt.core.ips.IPS_Manager$2.run()V+15
j  java.lang.Thread.run()V+11
v  ~StubRoutines::call_stub

---------------  P R O C E S S  ---------------

Java Threads: ( => current thread )
  0x00007f19967c5000 JavaThread "Worker-486" [_thread_blocked, id=30500, stack(0x00007f10f26fc000,0x00007f10f27fd000)]
  0x00007f110402c000 JavaThread "Worker-485" [_thread_blocked, id=30498, stack(0x00007f10f28fe000,0x00007f10f29ff000)]
  0x00007f19967a4800 JavaThread "Worker-484" [_thread_blocked, id=30339, stack(0x00007f10f25fb000,0x00007f10f26fc000)]
  0x00007f110404d000 JavaThread "Worker-481" [_thread_blocked, id=30233, stack(0x00007f10f27fd000,0x00007f10f28fe000)]
  0x00007f1058005800 JavaThread "Worker-479" [_thread_blocked, id=15495, stack(0x00007f1128347000,0x00007f1128448000)]
  0x00007f111400d000 JavaThread "[ThreadPool Manager] - Idle Thread" daemon [_thread_blocked, id=14245, stack(0x00007f1128017000,0x00007f1128118000)]
  0x00007f111400c800 JavaThread "[ThreadPool Manager] - Idle Thread" daemon [_thread_blocked, id=7595, stack(0x00007f10f052e000,0x00007f10f062f000)]
  0x00007f199498d800 JavaThread "Timer-1" daemon [_thread_blocked, id=7578, stack(0x00007f10f062f000,0x00007f10f0730000)]
  0x00007f10ec04b000 JavaThread "IDLDT DOM Worker-15" [_thread_blocked, id=7572, stack(0x00007f10f0730000,0x00007f10f0831000)]
  0x00007f10ec049000 JavaThread "IDLDT DOM Worker-14" [_thread_blocked, id=7571, stack(0x00007f10f0831000,0x00007f10f0932000)]
  0x00007f10ec047000 JavaThread "IDLDT DOM Worker-13" [_thread_blocked, id=7570, stack(0x00007f10f0932000,0x00007f10f0a33000)]
  0x00007f10ec045000 JavaThread "IDLDT DOM Worker-12" [_thread_blocked, id=7569, stack(0x00007f10f0a33000,0x00007f10f0b34000)]
  0x00007f10ec043000 JavaThread "IDLDT DOM Worker-11" [_thread_blocked, id=7568, stack(0x00007f10f0b34000,0x00007f10f0c35000)]
  0x00007f10ec041000 JavaThread "IDLDT DOM Worker-10" [_thread_blocked, id=7567, stack(0x00007f10f0c35000,0x00007f10f0d36000)]
  0x00007f10ec03f000 JavaThread "IDLDT DOM Worker-9" [_thread_blocked, id=7566, stack(0x00007f10f0d36000,0x00007f10f0e37000)]
  0x00007f10ec03d000 JavaThread "IDLDT DOM Worker-8" [_thread_blocked, id=7565, stack(0x00007f10f0e37000,0x00007f10f0f38000)]
  0x00007f10ec03b000 JavaThread "IDLDT DOM Worker-7" [_thread_blocked, id=7564, stack(0x00007f10f0f38000,0x00007f10f1039000)]
  0x00007f10ec039000 JavaThread "IDLDT DOM Worker-6" [_thread_blocked, id=7563, stack(0x00007f10f1039000,0x00007f10f113a000)]
  0x00007f10ec037000 JavaThread "IDLDT DOM Worker-5" [_thread_blocked, id=7562, stack(0x00007f10f113a000,0x00007f10f123b000)]
  0x00007f10ec035000 JavaThread "IDLDT DOM Worker-4" [_thread_blocked, id=7561, stack(0x00007f10f123b000,0x00007f10f133c000)]
  0x00007f10ec033000 JavaThread "IDLDT DOM Worker-3" [_thread_blocked, id=7560, stack(0x00007f10f133c000,0x00007f10f143d000)]
  0x00007f10ec031000 JavaThread "IDLDT DOM Worker-2" [_thread_blocked, id=7559, stack(0x00007f10dbeff000,0x00007f10dc000000)]
  0x00007f10ec020800 JavaThread "IDLDT DOM Worker-1" [_thread_blocked, id=7558, stack(0x00007f10f143d000,0x00007f10f153e000)]
  0x00007f10ec02c000 JavaThread "IDLDT DOM Worker-0" [_thread_blocked, id=7557, stack(0x00007f10f153e000,0x00007f10f163f000)]
  0x00007f10ec02f000 JavaThread "Timer-0" daemon [_thread_blocked, id=7556, stack(0x00007f10f163f000,0x00007f10f1740000)]
=>0x00007f199462c800 JavaThread "IDL" [_thread_in_native, id=7526, stack(0x00007f1128597000,0x00007f1128698000)]
  0x00007f19945d9000 JavaThread "IDLToJava Broker" daemon [_thread_blocked, id=7525, stack(0x00007f1129316000,0x00007f1129417000)]
  0x00007f199458a800 JavaThread "Bundle File Closer" daemon [_thread_blocked, id=7524, stack(0x00007f11286cf000,0x00007f11287d0000)]
  0x00007f1110004000 JavaThread "[Timer] - Main Queue Handler" daemon [_thread_blocked, id=7521, stack(0x00007f1129215000,0x00007f1129316000)]
  0x00007f111803b800 JavaThread "Framework Event Dispatcher" daemon [_thread_blocked, id=7519, stack(0x00007f1129417000,0x00007f1129518000)]
  0x00007f1994273000 JavaThread "Start Level Event Dispatcher" daemon [_thread_blocked, id=7518, stack(0x00007f112951e000,0x00007f112961f000)]
  0x00007f1994433000 JavaThread "State Data Manager" daemon [_thread_blocked, id=7517, stack(0x00007f112961f000,0x00007f1129720000)]
  0x00007f199428a000 JavaThread "Low Memory Detector" daemon [_thread_blocked, id=7515, stack(0x00007f1186a29000,0x00007f1186b2a000)]
  0x00007f1994286800 JavaThread "CompilerThread1" daemon [_thread_blocked, id=7514, stack(0x00007f1186b2a000,0x00007f1186c2b000)]
  0x00007f1994284800 JavaThread "CompilerThread0" daemon [_thread_blocked, id=7513, stack(0x00007f1186c2b000,0x00007f1186d2c000)]
  0x00007f1994282800 JavaThread "Signal Dispatcher" daemon [_thread_blocked, id=7512, stack(0x00007f1186d2c000,0x00007f1186e2d000)]
  0x00007f1994265800 JavaThread "Finalizer" daemon [_thread_blocked, id=7511, stack(0x00007f1186e2d000,0x00007f1186f2e000)]
  0x00007f1994263800 JavaThread "Reference Handler" daemon [_thread_blocked, id=7510, stack(0x00007f1186f2e000,0x00007f118702f000)]
  0x00007f1994008000 JavaThread "main" [_thread_in_native, id=7493, stack(0x00007f199b9e7000,0x00007f199bae8000)]

Other Threads:
  0x00007f199425c800 VMThread [stack: 0x00007f118702f000,0x00007f1187130000] [id=7509]
  0x00007f199428c000 WatcherThread [stack: 0x00007f1186928000,0x00007f1186a29000] [id=7516]

VM state:not at safepoint (normal execution)

VM Mutex/Monitor currently owned by a thread: None

Heap
 PSYoungGen      total 1205504K, used 941481K [0x00007f16e6560000, 0x00007f173a6c0000, 0x00007f1991000000)
  eden space 1033344K, 91% used [0x00007f16e6560000,0x00007f171fcca640,0x00007f1725680000)
  from space 172160K, 0% used [0x00007f172fea0000,0x00007f172fea0000,0x00007f173a6c0000)
  to   space 172160K, 0% used [0x00007f1725680000,0x00007f1725680000,0x00007f172fea0000)
 PSOldGen        total 2755392K, used 71125K [0x00007f1191000000, 0x00007f12392d0000, 0x00007f16e6560000)
  object space 2755392K, 2% used [0x00007f1191000000,0x00007f1195575418,0x00007f12392d0000)
 PSPermGen       total 50880K, used 50856K [0x00007f118bc00000, 0x00007f118edb0000, 0x00007f1191000000)
  object space 50880K, 99% used [0x00007f118bc00000,0x00007f118edaa210,0x00007f118edb0000)

Dynamic libraries:
40000000-40009000 r-xp 00000000 09:01 20065828                           /usr/local/exelis/idl82/idlde/bin.linux.x86_64/jre/bin/java
40108000-4010a000 rwxp 00008000 09:01 20065828                           /usr/local/exelis/idl82/idlde/bin.linux.x86_64/jre/bin/java
41438000-426aa000 rwxp 00000000 00:00 0                                  [heap]
7f1020000000-7f1020021000 rwxp 00000000 00:00 0 
7f1020021000-7f1024000000 ---p 00000000 00:00 0 
7f1024000000-7f1024021000 rwxp 00000000 00:00 0 
7f1024021000-7f1028000000 ---p 00000000 00:00 0 
7f1028000000-7f1028021000 rwxp 00000000 00:00 0 
7f1028021000-7f102c000000 ---p 00000000 00:00 0 
7f102c000000-7f102c042000 rwxp 00000000 00:00 0 
7f102c042000-7f1030000000 ---p 00000000 00:00 0 
7f1030000000-7f10300a4000 rwxp 00000000 00:00 0 
7f10300a4000-7f1034000000 ---p 00000000 00:00 0 
7f1034000000-7f1034021000 rwxp 00000000 00:00 0 
7f1034021000-7f1038000000 ---p 00000000 00:00 0 
7f1038000000-7f1038021000 rwxp 00000000 00:00 0 
7f1038021000-7f103c000000 ---p 00000000 00:00 0 
7f103c000000-7f103c021000 rwxp 00000000 00:00 0 
7f103c021000-7f1040000000 ---p 00000000 00:00 0 
7f1040000000-7f1043f98000 rwxp 00000000 00:00 0 
7f1043f98000-7f1044000000 ---p 00000000 00:00 0 
7f1044000000-7f1047d0e000 rwxp 00000000 00:00 0 
7f1047d0e000-7f1048000000 ---p 00000000 00:00 0 
7f1048000000-7f104c000000 rwxp 00000000 00:00 0 
7f1050000000-7f1050033000 rwxp 00000000 00:00 0 
7f1050033000-7f1054000000 ---p 00000000 00:00 0 
7f1058000000-7f1058037000 rwxp 00000000 00:00 0 
7f1058037000-7f105c000000 ---p 00000000 00:00 0 
7f105c000000-7f105c024000 rwxp 00000000 00:00 0 
7f105c024000-7f1060000000 ---p 00000000 00:00 0 
7f1060000000-7f106003d000 rwxp 00000000 00:00 0 
7f106003d000-7f1064000000 ---p 00000000 00:00 0 
7f1064000000-7f1064022000 rwxp 00000000 00:00 0 
7f1064022000-7f1068000000 ---p 00000000 00:00 0 
7f1068000000-7f1068033000 rwxp 00000000 00:00 0 
7f1068033000-7f106c000000 ---p 00000000 00:00 0 
7f106c000000-7f106c04d000 rwxp 00000000 00:00 0 
7f106c04d000-7f1070000000 ---p 00000000 00:00 0 
7f1078000000-7f1078047000 rwxp 00000000 00:00 0 
7f1078047000-7f107c000000 ---p 00000000 00:00 0 
7f107c3fa000-7f107c3fb000 ---p 00000000 00:00 0 
7f107c3fb000-7f107cdfb000 rwxp 00000000 00:00 0 
7f107d7fc000-7f107d7fd000 ---p 00000000 00:00 0 
7f107d7fd000-7f107e1fd000 rwxp 00000000 00:00 0 
7f1080000000-7f1080046000 rwxp 00000000 00:00 0 
7f1080046000-7f1084000000 ---p 00000000 00:00 0 
7f1084000000-7f108402b000 rwxp 00000000 00:00 0 
7f108402b000-7f1088000000 ---p 00000000 00:00 0 
7f1088000000-7f1088033000 rwxp 00000000 00:00 0 
7f1088033000-7f108c000000 ---p 00000000 00:00 0 
7f108c000000-7f108c03d000 rwxp 00000000 00:00 0 
7f108c03d000-7f1090000000 ---p 00000000 00:00 0 
7f1090000000-7f109012c000 rwxp 00000000 00:00 0 
7f109012c000-7f1094000000 ---p 00000000 00:00 0 
7f1094000000-7f1094036000 rwxp 00000000 00:00 0 
7f1094036000-7f1098000000 ---p 00000000 00:00 0 
7f1098000000-7f1098021000 rwxp 00000000 00:00 0 
7f1098021000-7f109c000000 ---p 00000000 00:00 0 
7f109c000000-7f109c021000 rwxp 00000000 00:00 0 
7f109c021000-7f10a0000000 ---p 00000000 00:00 0 
7f10a0000000-7f10a0021000 rwxp 00000000 00:00 0 
7f10a0021000-7f10a4000000 ---p 00000000 00:00 0 
7f10a4000000-7f10a4021000 rwxp 00000000 00:00 0 
7f10a4021000-7f10a8000000 ---p 00000000 00:00 0 
7f10a8000000-7f10a8021000 rwxp 00000000 00:00 0 
7f10a8021000-7f10ac000000 ---p 00000000 00:00 0 
7f10ac000000-7f10ac021000 rwxp 00000000 00:00 0 
7f10ac021000-7f10b0000000 ---p 00000000 00:00 0 
7f10b0000000-7f10b0021000 rwxp 00000000 00:00 0 
7f10b0021000-7f10b4000000 ---p 00000000 00:00 0 
7f10b4000000-7f10b4021000 rwxp 00000000 00:00 0 
7f10b4021000-7f10b8000000 ---p 00000000 00:00 0 
7f10b8000000-7f10b8021000 rwxp 00000000 00:00 0 
7f10b8021000-7f10bc000000 ---p 00000000 00:00 0 
7f10bc000000-7f10bc021000 rwxp 00000000 00:00 0 
7f10bc021000-7f10c0000000 ---p 00000000 00:00 0 
7f10c0000000-7f10c0021000 rwxp 00000000 00:00 0 
7f10c0021000-7f10c4000000 ---p 00000000 00:00 0 
7f10c4000000-7f10c4021000 rwxp 00000000 00:00 0 
7f10c4021000-7f10c8000000 ---p 00000000 00:00 0 
7f10c8000000-7f10c8021000 rwxp 00000000 00:00 0 
7f10c8021000-7f10cc000000 ---p 00000000 00:00 0 
7f10cc000000-7f10cc021000 rwxp 00000000 00:00 0 
7f10cc021000-7f10d0000000 ---p 00000000 00:00 0 
7f10d0000000-7f10d0021000 rwxp 00000000 00:00 0 
7f10d0021000-7f10d4000000 ---p 00000000 00:00 0 
7f10d4000000-7f10d4021000 rwxp 00000000 00:00 0 
7f10d4021000-7f10d8000000 ---p 00000000 00:00 0 
7f10d8090000-7f10d8205000 r-xp 00000000 09:01 19666964                   /usr/local/exelis/idl82/bin/bin.linux.x86_64/libcurl.so.3
7f10d8205000-7f10d8305000 ---p 00175000 09:01 19666964                   /usr/local/exelis/idl82/bin/bin.linux.x86_64/libcurl.so.3
7f10d8305000-7f10d8331000 rwxp 00175000 09:01 19666964                   /usr/local/exelis/idl82/bin/bin.linux.x86_64/libcurl.so.3
7f10d8331000-7f10d8335000 rwxp 00000000 00:00 0 
7f10d8338000-7f10d86d7000 r-xp 00000000 09:01 19666931                   /usr/local/exelis/idl82/bin/bin.linux.x86_64/idl_netcdf.so
7f10d86d7000-7f10d87d6000 ---p 0039f000 09:01 19666931                   /usr/local/exelis/idl82/bin/bin.linux.x86_64/idl_netcdf.so
7f10d87d6000-7f10d8830000 rwxp 0039e000 09:01 19666931                   /usr/local/exelis/idl82/bin/bin.linux.x86_64/idl_netcdf.so
7f10d8830000-7f10d884e000 rwxp 00000000 00:00 0 
7f10d8850000-7f10d8860000 r-xp 00000000 09:01 27787346                   /lib64/libbz2.so.1.0.4
7f10d8860000-7f10d8a5f000 ---p 00010000 09:01 27787346                   /lib64/libbz2.so.1.0.4
7f10d8a5f000-7f10d8a61000 rwxp 0000f000 09:01 27787346                   /lib64/libbz2.so.1.0.4
7f10d8a70000-7f10d8a7b000 r-xs 00076000 09:01 20067111                   /usr/local/exelis/idl82/idlde/plugins/org.eclipse.ui.editors_3.5.0.v20090527-2000.jar
7f10d8a80000-7f10d8bc8000 r-xp 00000000 09:01 19006109                   /usr/lib64/libxml2.so.2.7.6
7f10d8bc8000-7f10d8dc7000 ---p 00148000 09:01 19006109                   /usr/lib64/libxml2.so.2.7.6
7f10d8dc7000-7f10d8dd1000 rwxp 00147000 09:01 19006109                   /usr/lib64/libxml2.so.2.7.6
7f10d8dd1000-7f10d8dd2000 rwxp 00000000 00:00 0 
7f10d8dd8000-7f10d8e11000 r-xp 00000000 09:01 19010233                   /usr/lib64/libcroco-0.6.so.3.0.1
7f10d8e11000-7f10d9011000 ---p 00039000 09:01 19010233                   /usr/lib64/libcroco-0.6.so.3.0.1
7f10d9011000-7f10d9015000 rwxp 00039000 09:01 19010233                   /usr/lib64/libcroco-0.6.so.3.0.1
7f10d9018000-7f10d9053000 r-xp 00000000 09:01 19010241                   /usr/lib64/libgsf-1.so.114.0.15
7f10d9053000-7f10d9252000 ---p 0003b000 09:01 19010241                   /usr/lib64/libgsf-1.so.114.0.15
7f10d9252000-7f10d9257000 rwxp 0003a000 09:01 19010241                   /usr/lib64/libgsf-1.so.114.0.15
7f10d9257000-7f10d9258000 rwxp 00000000 00:00 0 
7f10d9258000-7f10d928e000 r-xp 00000000 09:01 19010247                   /usr/lib64/librsvg-2.so.2.26.0
7f10d928e000-7f10d948d000 ---p 00036000 09:01 19010247                   /usr/lib64/librsvg-2.so.2.26.0
7f10d948d000-7f10d948f000 rwxp 00035000 09:01 19010247                   /usr/lib64/librsvg-2.so.2.26.0
7f10d9490000-7f10d9492000 r-xp 00000000 09:01 19541679                   /usr/lib64/gtk-2.0/2.10.0/loaders/svg_loader.so
7f10d9492000-7f10d9691000 ---p 00002000 09:01 19541679                   /usr/lib64/gtk-2.0/2.10.0/loaders/svg_loader.so
7f10d9691000-7f10d9692000 rwxp 00001000 09:01 19541679                   /usr/lib64/gtk-2.0/2.10.0/loaders/svg_loader.so
7f10d9698000-7f10d96ab000 r-xp 00000000 09:01 19274295                   /usr/lib64/gio/modules/libgioremote-volume-monitor.so
7f10d96ab000-7f10d98ab000 ---p 00013000 09:01 19274295                   /usr/lib64/gio/modules/libgioremote-volume-monitor.so
7f10d98ab000-7f10d98ac000 rwxp 00013000 09:01 19274295                   /usr/lib64/gio/modules/libgioremote-volume-monitor.so
7f10d98b0000-7f10d98b2000 r-xp 00000000 09:01 27787307                   /lib64/libutil-2.12.so
7f10d98b2000-7f10d9ab1000 ---p 00002000 09:01 27787307                   /lib64/libutil-2.12.so
7f10d9ab1000-7f10d9ab2000 r-xp 00001000 09:01 27787307                   /lib64/libutil-2.12.so
7f10d9ab2000-7f10d9ab3000 rwxp 00002000 09:01 27787307                   /lib64/libutil-2.12.so
7f10d9ab8000-7f10d9ac4000 r-xp 00000000 09:01 27787564                   /lib64/libudev.so.0.5.1
7f10d9ac4000-7f10d9cc4000 ---p 0000c000 09:01 27787564                   /lib64/libudev.so.0.5.1
7f10d9cc4000-7f10d9cc5000 r-xp 0000c000 09:01 27787564                   /lib64/libudev.so.0.5.1
7f10d9cc5000-7f10d9cc6000 rwxp 0000d000 09:01 27787564                   /lib64/libudev.so.0.5.1
7f10d9cc8000-7f10d9cde000 r-xp 00000000 09:01 19011219                   /usr/lib64/libgvfscommon.so.0.0.0
7f10d9cde000-7f10d9ede000 ---p 00016000 09:01 19011219                   /usr/lib64/libgvfscommon.so.0.0.0
7f10d9ede000-7f10d9edf000 rwxp 00016000 09:01 19011219                   /usr/lib64/libgvfscommon.so.0.0.0
7f10d9ee0000-7f10d9f09000 r-xp 00000000 09:01 19274296                   /usr/lib64/gio/modules/libgvfsdbus.so
7f10d9f09000-7f10da108000 ---p 00029000 09:01 19274296                   /usr/lib64/gio/modules/libgvfsdbus.so
7f10da108000-7f10da10a000 rwxp 00028000 09:01 19274296                   /usr/lib64/gio/modules/libgvfsdbus.so
7f10da110000-7f10da119000 r-xp 00000000 09:01 19666991                   /usr/local/exelis/idl82/bin/bin.linux.x86_64/libshapelib.so.1.2.10
7f10da119000-7f10da219000 ---p 00009000 09:01 19666991                   /usr/local/exelis/idl82/bin/bin.linux.x86_64/libshapelib.so.1.2.10
7f10da219000-7f10da21a000 rwxp 00009000 09:01 19666991                   /usr/local/exelis/idl82/bin/bin.linux.x86_64/libshapelib.so.1.2.10
7f10da220000-7f10da227000 r-xp 00000000 09:01 19666945                   /usr/local/exelis/idl82/bin/bin.linux.x86_64/idl_shape.so
7f10da227000-7f10da327000 ---p 00007000 09:01 19666945                   /usr/local/exelis/idl82/bin/bin.linux.x86_64/idl_shape.so
7f10da327000-7f10da328000 rwxp 00007000 09:01 19666945                   /usr/local/exelis/idl82/bin/bin.linux.x86_64/idl_shape.so
7f10da43f000-7f10da440000 ---p 00000000 00:00 0 
7f10da440000-7f10dae40000 rwxp 00000000 00:00 0 
7f10dae40000-7f10db178000 r-xp 00000000 09:01 19403321                   /usr/share/icons/hicolor/icon-theme.cache
7f10db178000-7f10db805000 r-xp 00000000 09:01 19539658                   /usr/share/icons/gnome/icon-theme.cache
7f10db808000-7f10dbc99000 r-xp 00000000 09:01 19662037                   /usr/share/icons/Mist/icon-theme.cache
7f10dbca0000-7f10dbcfc000 r-xp 00000000 09:01 19541672                   /usr/share/icons/System/icon-theme.cache
7f10dbeff000-7f10dbf02000 ---p 00000000 00:00 0 
7f10dbf02000-7f10dc000000 rwxp 00000000 00:00 0 
7f10dc000000-7f10dc021000 rwxp 00000000 00:00 0 
7f10dc021000-7f10e0000000 ---p 00000000 00:00 0 
7f10e0000000-7f10e0021000 rwxp 00000000 00:00 0 
7f10e0021000-7f10e4000000 ---p 00000000 00:00 0 
7f10e4000000-7f10e416c000 rwxp 00000000 00:00 0 
7f10e416c000-7f10e8000000 ---p 00000000 00:00 0 
7f10e8000000-7f10e8025000 rwxp 00000000 00:00 0 
7f10e8025000-7f10ec000000 ---p 00000000 00:00 0 
7f10ec000000-7f10ec06b000 rwxp 00000000 00:00 0 
7f10ec06b000-7f10f0000000 ---p 00000000 00:00 0 
7f10f0008000-7f10f0020000 r-xs 00000000 09:01 19399988                   /usr/share/mime/mime.cache
7f10f0128000-7f10f012b000 r-xp 00000000 09:7e 28040536178                /home/mcnally/.idl/idlworkbench-config-idl8.2.1/org.eclipse.osgi/bundles/501/1/.cp/libswt-glx-gtk-3557.so
7f10f012b000-7f10f022a000 ---p 00003000 09:7e 28040536178                /home/mcnally/.idl/idlworkbench-config-idl8.2.1/org.eclipse.osgi/bundles/501/1/.cp/libswt-glx-gtk-3557.so
7f10f022a000-7f10f022b000 rwxp 00002000 09:7e 28040536178                /home/mcnally/.idl/idlworkbench-config-idl8.2.1/org.eclipse.osgi/bundles/501/1/.cp/libswt-glx-gtk-3557.so
7f10f0268000-7f10f03a8000 r-xp 00000000 09:01 19666898                   /usr/local/exelis/idl82/bin/bin.linux.x86_64/idl_hdf.so
7f10f03a8000-7f10f04a8000 ---p 00140000 09:01 19666898                   /usr/local/exelis/idl82/bin/bin.linux.x86_64/idl_hdf.so
7f10f04a8000-7f10f04ba000 rwxp 00140000 09:01 19666898                   /usr/local/exelis/idl82/bin/bin.linux.x86_64/idl_hdf.so
7f10f04ba000-7f10f0529000 rwxp 00000000 00:00 0 
7f10f052e000-7f10f0531000 ---p 00000000 00:00 0 
7f10f0531000-7f10f062f000 rwxp 00000000 00:00 0 
7f10f062f000-7f10f0632000 ---p 00000000 00:00 0 
7f10f0632000-7f10f0730000 rwxp 00000000 00:00 0 
7f10f0730000-7f10f0733000 ---p 00000000 00:00 0 
7f10f0733000-7f10f0831000 rwxp 00000000 00:00 0 
7f10f0831000-7f10f0834000 ---p 00000000 00:00 0 
7f10f0834000-7f10f0932000 rwxp 00000000 00:00 0 
7f10f0932000-7f10f0935000 ---p 00000000 00:00 0 
7f10f0935000-7f10f0a33000 rwxp 00000000 00:00 0 
7f10f0a33000-7f10f0a36000 ---p 00000000 00:00 0 
7f10f0a36000-7f10f0b34000 rwxp 00000000 00:00 0 
7f10f0b34000-7f10f0b37000 ---p 00000000 00:00 0 
7f10f0b37000-7f10f0c35000 rwxp 00000000 00:00 0 
7f10f0c35000-7f10f0c38000 ---p 00000000 00:00 0 
7f10f0c38000-7f10f0d36000 rwxp 00000000 00:00 0 
7f10f0d36000-7f10f0d39000 ---p 00000000 00:00 0 
7f10f0d39000-7f10f0e37000 rwxp 00000000 00:00 0 
7f10f0e37000-7f10f0e3a000 ---p 00000000 00:00 0 
7f10f0e3a000-7f10f0f38000 rwxp 00000000 00:00 0 
7f10f0f38000-7f10f0f3b000 ---p 00000000 00:00 0 
7f10f0f3b000-7f10f1039000 rwxp 00000000 00:00 0 
7f10f1039000-7f10f103c000 ---p 00000000 00:00 0 
7f10f103c000-7f10f113a000 rwxp 00000000 00:00 0 
7f10f113a000-7f10f113d000 ---p 00000000 00:00 0 
7f10f113d000-7f10f123b000 rwxp 00000000 00:00 0 
7f10f123b000-7f10f123e000 ---p 00000000 00:00 0 
7f10f123e000-7f10f133c000 rwxp 00000000 00:00 0 
7f10f133c000-7f10f133f000 ---p 00000000 00:00 0 
7f10f133f000-7f10f143d000 rwxp 00000000 00:00 0 
7f10f143d000-7f10f1440000 ---p 00000000 00:00 0 
7f10f1440000-7f10f153e000 rwxp 00000000 00:00 0 
7f10f153e000-7f10f1541000 ---p 00000000 00:00 0 
7f10f1541000-7f10f163f000 rwxp 00000000 00:00 0 
7f10f163f000-7f10f1642000 ---p 00000000 00:00 0 
7f10f1642000-7f10f1740000 rwxp 00000000 00:00 0 
7f10f1740000-7f10f17a0000 rwxs 00000000 00:04 573637057                  /SYSV00000000 (deleted)
7f10f18d0000-7f10f1907000 r-xp 00000000 09:01 20067577                   /usr/share/fonts/dejavu/DejaVuSansMono-BoldOblique.ttf
7f10f1908000-7f10f1940000 r-xp 00000000 09:01 20067578                   /usr/share/fonts/dejavu/DejaVuSansMono-Oblique.ttf
7f10f1940000-7f10f198a000 r-xp 00000000 09:01 20067576                   /usr/share/fonts/dejavu/DejaVuSansMono-Bold.ttf
7f10f1990000-7f10f19df000 r-xp 00000000 09:01 20067579                   /usr/share/fonts/dejavu/DejaVuSansMono.ttf
7f10f19e0000-7f10f1a60000 r-xp 00000000 09:01 20067581                   /usr/share/fonts/dejavu/DejaVuSans-BoldOblique.ttf
7f10f1a60000-7f10f1ae0000 r-xp 00000000 09:01 20067583                   /usr/share/fonts/dejavu/DejaVuSans-Oblique.ttf
7f10f1ae0000-7f10f1b6c000 r-xp 00000000 09:01 20067580                   /usr/share/fonts/dejavu/DejaVuSans-Bold.ttf
7f10f1b80000-7f10f1b93000 r-xs 0020f000 09:01 20066963                   /usr/local/exelis/idl82/idlde/plugins/org.eclipse.swt.gtk.linux.x86_64_3.5.2.v3557f.jar
7f10f1b98000-7f10f1bc8000 r-xs 00216000 09:01 20066755                   /usr/local/exelis/idl82/idlde/plugins/org.eclipse.debug.ui_3.5.2.v20091028_r352.jar
7f10f1bc8000-7f10f1bdc000 r-xs 0011b000 09:01 20066477                   /usr/local/exelis/idl82/idlde/plugins/com.rsi.idldt.ui_8.2.1.jar
7f10f1be0000-7f10f1bec000 r-xp 00000000 09:7e 28040536171                /home/mcnally/.idl/idlworkbench-config-idl8.2.1/org.eclipse.osgi/bundles/501/1/.cp/libswt-cairo-gtk-3557.so
7f10f1bec000-7f10f1cec000 ---p 0000c000 09:7e 28040536171                /home/mcnally/.idl/idlworkbench-config-idl8.2.1/org.eclipse.osgi/bundles/501/1/.cp/libswt-cairo-gtk-3557.so
7f10f1cec000-7f10f1ced000 rwxp 0000c000 09:7e 28040536171                /home/mcnally/.idl/idlworkbench-config-idl8.2.1/org.eclipse.osgi/bundles/501/1/.cp/libswt-cairo-gtk-3557.so
7f10f1cf0000-7f10f1cf7000 r-xp 00000000 09:7e 28040536170                /home/mcnally/.idl/idlworkbench-config-idl8.2.1/org.eclipse.osgi/bundles/501/1/.cp/libswt-atk-gtk-3557.so
7f10f1cf7000-7f10f1df6000 ---p 00007000 09:7e 28040536170                /home/mcnally/.idl/idlworkbench-config-idl8.2.1/org.eclipse.osgi/bundles/501/1/.cp/libswt-atk-gtk-3557.so
7f10f1df6000-7f10f1df7000 rwxp 00006000 09:7e 28040536170                /home/mcnally/.idl/idlworkbench-config-idl8.2.1/org.eclipse.osgi/bundles/501/1/.cp/libswt-atk-gtk-3557.so
7f10f1df8000-7f10f1dfe000 r-xp 00000000 09:01 19545074                   /usr/lib64/gtk-2.0/2.10.0/loaders/libpixbufloader-gif.so
7f10f1dfe000-7f10f1ffd000 ---p 00006000 09:01 19545074                   /usr/lib64/gtk-2.0/2.10.0/loaders/libpixbufloader-gif.so
7f10f1ffd000-7f10f1ffe000 rwxp 00005000 09:01 19545074                   /usr/lib64/gtk-2.0/2.10.0/loaders/libpixbufloader-gif.so
7f10f21f7000-7f10f21fa000 rwxp 00000000 00:00 0 
7f10f21fa000-7f10f22f8000 rwxp 00000000 00:00 0 
7f10f22f8000-7f10f231b000 r-xs 001cb000 09:01 20067148                   /usr/local/exelis/idl82/idlde/plugins/org.eclipse.ui.ide_3.5.2.M20100113-0800.jar
7f10f2320000-7f10f23ea000 r-xp 00000000 09:01 19666949                   /usr/local/exelis/idl82/bin/bin.linux.x86_64/idl_tiff.so
7f10f23ea000-7f10f24ea000 ---p 000ca000 09:01 19666949                   /usr/local/exelis/idl82/bin/bin.linux.x86_64/idl_tiff.so
7f10f24ea000-7f10f24f7000 rwxp 000ca000 09:01 19666949                   /usr/local/exelis/idl82/bin/bin.linux.x86_64/idl_tiff.so
7f10f24fa000-7f10f24fd000 rwxp 00000000 00:00 0 
7f10f24fd000-7f10f25fb000 rwxp 00000000 00:00 0 
7f10f25fb000-7f10f25fe000 ---p 00000000 00:00 0 
7f10f25fe000-7f10f26fc000 rwxp 00000000 00:00 0 
7f10f26fc000-7f10f26ff000 ---p 00000000 00:00 0 
7f10f26ff000-7f10f27fd000 rwxp 00000000 00:00 0 
7f10f27fd000-7f10f2800000 ---p 00000000 00:00 0 
7f10f2800000-7f10f28fe000 rwxp 00000000 00:00 0 
7f10f28fe000-7f10f2901000 ---p 00000000 00:00 0 
7f10f2901000-7f10f29ff000 rwxp 00000000 00:00 0 
7f10f29ff000-7f10f2a00000 ---p 00000000 00:00 0 
7f10f2a00000-7f10f3400000 rwxp 00000000 00:00 0 
7f10f3400000-7f10f3405000 r-xp 00000000 09:01 27787289                   /lib64/libnss_dns-2.12.so
7f10f3405000-7f10f3604000 ---p 00005000 09:01 27787289                   /lib64/libnss_dns-2.12.so
7f10f3604000-7f10f3605000 r-xp 00004000 09:01 27787289                   /lib64/libnss_dns-2.12.so
7f10f3605000-7f10f3606000 rwxp 00005000 09:01 27787289                   /lib64/libnss_dns-2.12.so
7f10f3608000-7f10f3612000 r-xp 00000000 09:01 19008444                   /usr/lib64/libdrm.so.2.4.0
7f10f3612000-7f10f3812000 ---p 0000a000 09:01 19008444                   /usr/lib64/libdrm.so.2.4.0
7f10f3812000-7f10f3813000 rwxp 0000a000 09:01 19008444                   /usr/lib64/libdrm.so.2.4.0
7f10f3818000-7f10f381d000 r-xp 00000000 09:01 19006433                   /usr/lib64/libXxf86vm.so.1.0.0
7f10f381d000-7f10f3a1c000 ---p 00005000 09:01 19006433                   /usr/lib64/libXxf86vm.so.1.0.0
7f10f3a1c000-7f10f3a1d000 rwxp 00004000 09:01 19006433                   /usr/lib64/libXxf86vm.so.1.0.0
7f10f3a20000-7f10f3a23000 r-xp 00000000 09:01 19006368                   /usr/lib64/libxcb-dri2.so.0.0.0
7f10f3a23000-7f10f3c23000 ---p 00003000 09:01 19006368                   /usr/lib64/libxcb-dri2.so.0.0.0
7f10f3c23000-7f10f3c24000 rwxp 00003000 09:01 19006368                   /usr/lib64/libxcb-dri2.so.0.0.0
7f10f3c28000-7f10f3c3d000 r-xp 00000000 09:01 19006370                   /usr/lib64/libxcb-glx.so.0.0.0
7f10f3c3d000-7f10f3e3c000 ---p 00015000 09:01 19006370                   /usr/lib64/libxcb-glx.so.0.0.0
7f10f3e3c000-7f10f3e3e000 rwxp 00014000 09:01 19006370                   /usr/lib64/libxcb-glx.so.0.0.0
7f10f3e40000-7f10f3e41000 r-xp 00000000 09:01 19006406                   /usr/lib64/libX11-xcb.so.1.0.0
7f10f3e41000-7f10f4040000 ---p 00001000 09:01 19006406                   /usr/lib64/libX11-xcb.so.1.0.0
7f10f4040000-7f10f4041000 rwxp 00000000 09:01 19006406                   /usr/lib64/libX11-xcb.so.1.0.0
7f10f4048000-7f10f4069000 r-xp 00000000 09:01 19009169                   /usr/lib64/libglapi.so.0.0.0
7f10f4069000-7f10f4268000 ---p 00021000 09:01 19009169                   /usr/lib64/libglapi.so.0.0.0
7f10f4268000-7f10f426c000 rwxp 00020000 09:01 19009169                   /usr/lib64/libglapi.so.0.0.0
7f10f426c000-7f10f426d000 rwxp 00000000 00:00 0 
7f10f4270000-7f10f42cc000 r-xp 00000000 09:01 19077019                   /usr/lib64/libGL.so.1.2.0
7f10f42cc000-7f10f44cc000 ---p 0005c000 09:01 19077019                   /usr/lib64/libGL.so.1.2.0
7f10f44cc000-7f10f44cf000 rwxp 0005c000 09:01 19077019                   /usr/lib64/libGL.so.1.2.0
7f10f44d0000-7f10f454e000 r-xp 00000000 09:01 19077027                   /usr/lib64/libGLU.so.1.3.1
7f10f454e000-7f10f474e000 ---p 0007e000 09:01 19077027                   /usr/lib64/libGLU.so.1.3.1
7f10f474e000-7f10f4750000 rwxp 0007e000 09:01 19077027                   /usr/lib64/libGLU.so.1.3.1
7f10f4750000-7f10f478f000 r-xp 00000000 09:01 19666874                   /usr/local/exelis/idl82/bin/bin.linux.x86_64/gl_driver.so.8.2
7f10f478f000-7f10f488f000 ---p 0003f000 09:01 19666874                   /usr/local/exelis/idl82/bin/bin.linux.x86_64/gl_driver.so.8.2
7f10f488f000-7f10f4890000 rwxp 0003f000 09:01 19666874                   /usr/local/exelis/idl82/bin/bin.linux.x86_64/gl_driver.so.8.2
7f10f4891000-7f10f4892000 ---p 00000000 00:00 0 
7f10f4892000-7f10f5292000 rwxp 00000000 00:00 0 
7f10f5292000-7f10f5293000 ---p 00000000 00:00 0 
7f10f5293000-7f10f5c93000 rwxp 00000000 00:00 0 
7f10f5c93000-7f10f5c94000 ---p 00000000 00:00 0 
7f10f5c94000-7f10f6694000 rwxp 00000000 00:00 0 
7f10f6694000-7f10f6695000 ---p 00000000 00:00 0 
7f10f6695000-7f10f7095000 rwxp 00000000 00:00 0 
7f10f7095000-7f10f7096000 ---p 00000000 00:00 0 
7f10f7096000-7f10f7a96000 rwxp 00000000 00:00 0 
7f10f7a96000-7f10f7a97000 ---p 00000000 00:00 0 
7f10f7a97000-7f10f8497000 rwxp 00000000 00:00 0 
7f10f8497000-7f10f8498000 ---p 00000000 00:00 0 
7f10f8498000-7f10f8e98000 rwxp 00000000 00:00 0 
7f10f8e98000-7f10f8e99000 ---p 00000000 00:00 0 
7f10f8e99000-7f10f9899000 rwxp 00000000 00:00 0 
7f10f9899000-7f10f989a000 ---p 00000000 00:00 0 
7f10f989a000-7f10fa29a000 rwxp 00000000 00:00 0 
7f10fa29a000-7f10fa29b000 ---p 00000000 00:00 0 
7f10fa29b000-7f10fac9b000 rwxp 00000000 00:00 0 
7f10fac9b000-7f10fac9c000 ---p 00000000 00:00 0 
7f10fac9c000-7f10fb69c000 rwxp 00000000 00:00 0 
7f10fb69c000-7f10fb69d000 ---p 00000000 00:00 0 
7f10fb69d000-7f10fc09d000 rwxp 00000000 00:00 0 
7f10fc09d000-7f10fc09e000 ---p 00000000 00:00 0 
7f10fc09e000-7f10fca9e000 rwxp 00000000 00:00 0 
7f10fca9e000-7f10fca9f000 ---p 00000000 00:00 0 
7f10fca9f000-7f10fd49f000 rwxp 00000000 00:00 0 
7f10fd49f000-7f10fd4a0000 ---p 00000000 00:00 0 
7f10fd4a0000-7f10fdea0000 rwxp 00000000 00:00 0 
7f10fdea0000-7f10fdea4000 r-xp 00000000 09:01 27787482                   /lib64/libuuid.so.1.3.0
7f10fdea4000-7f10fe0a3000 ---p 00004000 09:01 27787482                   /lib64/libuuid.so.1.3.0
7f10fe0a3000-7f10fe0a4000 rwxp 00003000 09:01 27787482                   /lib64/libuuid.so.1.3.0
7f10fe0a8000-7f10fe190000 r-xp 00000000 09:01 19005999                   /usr/lib64/libstdc++.so.6.0.13
7f10fe190000-7f10fe390000 ---p 000e8000 09:01 19005999                   /usr/lib64/libstdc++.so.6.0.13
7f10fe390000-7f10fe397000 r-xp 000e8000 09:01 19005999                   /usr/lib64/libstdc++.so.6.0.13
7f10fe397000-7f10fe399000 rwxp 000ef000 09:01 19005999                   /usr/lib64/libstdc++.so.6.0.13
7f10fe399000-7f10fe3ae000 rwxp 00000000 00:00 0 
7f10fe3b0000-7f10fe3c7000 r-xp 00000000 09:01 19006149                   /usr/lib64/libICE.so.6.3.0
7f10fe3c7000-7f10fe5c7000 ---p 00017000 09:01 19006149                   /usr/lib64/libICE.so.6.3.0
7f10fe5c7000-7f10fe5c8000 rwxp 00017000 09:01 19006149                   /usr/lib64/libICE.so.6.3.0
7f10fe5c8000-7f10fe5cc000 rwxp 00000000 00:00 0 
7f10fe5d0000-7f10fe5d7000 r-xp 00000000 09:01 19006326                   /usr/lib64/libSM.so.6.0.1
7f10fe5d7000-7f10fe7d7000 ---p 00007000 09:01 19006326                   /usr/lib64/libSM.so.6.0.1
7f10fe7d7000-7f10fe7d8000 rwxp 00007000 09:01 19006326                   /usr/lib64/libSM.so.6.0.1
7f10fe7d8000-7f10fe837000 r-xp 00000000 09:01 19006435                   /usr/lib64/libXt.so.6.0.0
7f10fe837000-7f10fea36000 ---p 0005f000 09:01 19006435                   /usr/lib64/libXt.so.6.0.0
7f10fea36000-7f10fea3c000 rwxp 0005e000 09:01 19006435                   /usr/lib64/libXt.so.6.0.0
7f10fea3c000-7f10fea3d000 rwxp 00000000 00:00 0 
7f10fea40000-7f10fea58000 r-xp 00000000 09:01 19006437                   /usr/lib64/libXmu.so.6.2.0
7f10fea58000-7f10fec58000 ---p 00018000 09:01 19006437                   /usr/lib64/libXmu.so.6.2.0
7f10fec58000-7f10fec5a000 rwxp 00018000 09:01 19006437                   /usr/lib64/libXmu.so.6.2.0
7f10fec60000-7f10fec71000 r-xp 00000000 09:01 19014611                   /usr/lib64/libXpm.so.4.11.0
7f10fec71000-7f10fee70000 ---p 00011000 09:01 19014611                   /usr/lib64/libXpm.so.4.11.0
7f10fee70000-7f10fee71000 rwxp 00010000 09:01 19014611                   /usr/lib64/libXpm.so.4.11.0
7f10fee78000-7f10fee80000 r-xp 00000000 09:01 19016373                   /usr/lib64/libXp.so.6.2.0
7f10fee80000-7f10ff080000 ---p 00008000 09:01 19016373                   /usr/lib64/libXp.so.6.2.0
7f10ff080000-7f10ff081000 rwxp 00008000 09:01 19016373                   /usr/lib64/libXp.so.6.2.0
7f10ff088000-7f10ffcb8000 r-xp 00000000 09:01 19666967                   /usr/local/exelis/idl82/bin/bin.linux.x86_64/libidl.so.8.2
7f10ffcb8000-7f10ffdb8000 ---p 00c30000 09:01 19666967                   /usr/local/exelis/idl82/bin/bin.linux.x86_64/libidl.so.8.2
7f10ffdb8000-7f10ffeae000 rwxp 00c30000 09:01 19666967                   /usr/local/exelis/idl82/bin/bin.linux.x86_64/libidl.so.8.2
7f10ffeae000-7f10ffffd000 rwxp 00000000 00:00 0 
7f1100000000-7f1103ffe000 rwxp 00000000 00:00 0 
7f1103ffe000-7f1104000000 ---p 00000000 00:00 0 
7f1104000000-7f110406b000 rwxp 00000000 00:00 0 
7f110406b000-7f1108000000 ---p 00000000 00:00 0 
7f1108000000-7f1108087000 rwxp 00000000 00:00 0 
7f1108087000-7f110c000000 ---p 00000000 00:00 0 
7f110c000000-7f110c021000 rwxp 00000000 00:00 0 
7f110c021000-7f1110000000 ---p 00000000 00:00 0 
7f1110000000-7f111002a000 rwxp 00000000 00:00 0 
7f111002a000-7f1114000000 ---p 00000000 00:00 0 
7f1114000000-7f1114021000 rwxp 00000000 00:00 0 
7f1114021000-7f1118000000 ---p 00000000 00:00 0 
7f1118000000-7f111813d000 rwxp 00000000 00:00 0 
7f111813d000-7f111c000000 ---p 00000000 00:00 0 
7f111c000000-7f111c07f000 rwxp 00000000 00:00 0 
7f111c07f000-7f1120000000 ---p 00000000 00:00 0 
7f1120000000-7f1120021000 rwxp 00000000 00:00 0 
7f1120021000-7f1124000000 ---p 00000000 00:00 0 
7f1124000000-7f1124021000 rwxp 00000000 00:00 0 
7f1124021000-7f1128000000 ---p 00000000 00:00 0 
7f1128017000-7f112801a000 ---p 00000000 00:00 0 
7f112801a000-7f1128118000 rwxp 00000000 00:00 0 
7f1128118000-7f112812e000 r-xp 00000000 09:01 27795216                   /lib64/libgcc_s-4.4.7-20120601.so.1
7f112812e000-7f112832d000 ---p 00016000 09:01 27795216                   /lib64/libgcc_s-4.4.7-20120601.so.1
7f112832d000-7f112832e000 rwxp 00015000 09:01 27795216                   /lib64/libgcc_s-4.4.7-20120601.so.1
7f1128340000-7f1128343000 rwxs 00000000 00:04 573604287                  /SYSV00000000 (deleted)
7f1128347000-7f112834a000 ---p 00000000 00:00 0 
7f112834a000-7f1128448000 rwxp 00000000 00:00 0 
7f1128448000-7f112846d000 r-xp 00000000 09:01 19666971                   /usr/local/exelis/idl82/bin/bin.linux.x86_64/libidl_ips.so.8.2
7f112846d000-7f112856c000 ---p 00025000 09:01 19666971                   /usr/local/exelis/idl82/bin/bin.linux.x86_64/libidl_ips.so.8.2
7f112856c000-7f112856e000 rwxp 00024000 09:01 19666971                   /usr/local/exelis/idl82/bin/bin.linux.x86_64/libidl_ips.so.8.2
7f112856e000-7f1128597000 rwxp 00000000 00:00 0 
7f1128597000-7f112859a000 ---p 00000000 00:00 0 
7f112859a000-7f1128698000 rwxp 00000000 00:00 0 
7f11286a0000-7f11286be000 r-xs 00555000 09:01 20066467                   /usr/local/exelis/idl82/idlde/plugins/com.ibm.icu_4.0.1.v20090822.jar
7f11286c0000-7f11286ca000 r-xs 0009d000 09:01 20066671                   /usr/local/exelis/idl82/idlde/plugins/org.eclipse.core.resources_3.5.2.R35x_v20091203-1235.jar
7f11286cf000-7f11286d2000 ---p 00000000 00:00 0 
7f11286d2000-7f11287d0000 rwxp 00000000 00:00 0 
7f11287d7000-7f11287da000 rwxp 00000000 00:00 0 
7f11287da000-7f11288d8000 rwxp 00000000 00:00 0 
7f11288d8000-7f11288da000 r-xp 00000000 09:7e 66742093832                /home/mcnally/.idl/idlworkbench-config-idl8.2.1/org.eclipse.osgi/bundles/160/1/.cp/os/linux/x86_64/liblocalfile_1_0_0.so
7f11288da000-7f11289d9000 ---p 00002000 09:7e 66742093832                /home/mcnally/.idl/idlworkbench-config-idl8.2.1/org.eclipse.osgi/bundles/160/1/.cp/os/linux/x86_64/liblocalfile_1_0_0.so
7f11289d9000-7f11289da000 rwxp 00001000 09:7e 66742093832                /home/mcnally/.idl/idlworkbench-config-idl8.2.1/org.eclipse.osgi/bundles/160/1/.cp/os/linux/x86_64/liblocalfile_1_0_0.so
7f11289e8000-7f11289fb000 r-xs 000cf000 09:01 20066850                   /usr/local/exelis/idl82/idlde/plugins/org.eclipse.jface.text_3.5.2.r352_v20091118-0800.jar
7f1128a08000-7f1128a0f000 r-xs 00043000 09:01 20066743                   /usr/local/exelis/idl82/idlde/plugins/org.eclipse.debug.core_3.5.1.v20091103_r352.jar
7f1128a18000-7f1128a19000 r-xs 00001000 09:01 20066733                   /usr/local/exelis/idl82/idlde/plugins/org.eclipse.debug.core.nl_es_3.5.0.v20111128114305.jar
7f1128a20000-7f1128a22000 r-xs 00002000 09:01 20066849                   /usr/local/exelis/idl82/idlde/plugins/org.eclipse.jface.text.nl_zh_TW_3.5.0.v20111128114305.jar
7f1128a28000-7f1128a2a000 r-xs 00007000 09:01 20066744                   /usr/local/exelis/idl82/idlde/plugins/org.eclipse.debug.ui.nl_de_3.5.0.v20111128114305.jar
7f1128a30000-7f1128a32000 r-xs 00002000 09:01 20066847                   /usr/local/exelis/idl82/idlde/plugins/org.eclipse.jface.text.nl_ru_3.5.0.v20111128114305.jar
7f1128a38000-7f1128a39000 r-xs 00002000 09:01 20066846                   /usr/local/exelis/idl82/idlde/plugins/org.eclipse.jface.text.nl_pt_BR_3.5.0.v20111128114305.jar
7f1128a40000-7f1128a42000 r-xs 00006000 09:01 20067249                   /usr/local/exelis/idl82/idlde/plugins/org.eclipse.ui.workbench.nl_ko_3.5.0.v20111128114305.jar
7f1128a48000-7f1128a4f000 r-xs 00111000 09:01 20065877                   /usr/local/exelis/idl82/idlde/bin.linux.x86_64/jre/lib/resources.jar
7f1128a50000-7f1128a52000 r-xs 00002000 09:01 20066839                   /usr/local/exelis/idl82/idlde/plugins/org.eclipse.jface.text.nl_de_3.5.0.v20111128114305.jar
7f1128a58000-7f1128a59000 r-xs 00002000 09:01 20066845                   /usr/local/exelis/idl82/idlde/plugins/org.eclipse.jface.text.nl_nl_3.5.0.v20111128114305.jar
7f1128a60000-7f1128a64000 r-xs 00021000 09:01 20067099                   /usr/local/exelis/idl82/idlde/plugins/org.eclipse.ui.console_3.4.0.v20090513.jar
7f1128a68000-7f1128a70000 r-xs 00051000 09:01 20066475                   /usr/local/exelis/idl82/idlde/plugins/com.rsi.idldt.graphics_8.2.1.jar
7f1128a70000-7f1128a72000 r-xs 00006000 09:01 20067254                   /usr/local/exelis/idl82/idlde/plugins/org.eclipse.ui.workbench.nl_zh_TW_3.5.0.v20111128114305.jar
7f1128a78000-7f1128a7a000 r-xs 00002000 09:01 20066844                   /usr/local/exelis/idl82/idlde/plugins/org.eclipse.jface.text.nl_ko_3.5.0.v20111128114305.jar
7f1128a80000-7f1128a82000 r-xs 00002000 09:01 20066843                   /usr/local/exelis/idl82/idlde/plugins/org.eclipse.jface.text.nl_ja_3.5.0.v20111128114305.jar
7f1128a88000-7f1128a89000 r-xs 00003000 09:01 20067109                   /usr/local/exelis/idl82/idlde/plugins/org.eclipse.ui.editors.nl_zh_3.5.0.v20111128114305.jar
7f1128a90000-7f1128a91000 r-xs 00002000 09:01 20067261                   /usr/local/exelis/idl82/idlde/plugins/org.eclipse.ui.workbench.texteditor.nl_nl_3.5.0.v20111128114305.jar
7f1128a98000-7f1128aa3000 r-xs 00079000 09:01 20067266                   /usr/local/exelis/idl82/idlde/plugins/org.eclipse.ui.workbench.texteditor_3.5.1.r352_v20100105.jar
7f1128aa8000-7f1128aab000 r-xs 00013000 09:01 20065866                   /usr/local/exelis/idl82/idlde/bin.linux.x86_64/jre/lib/jce.jar
7f1128ab0000-7f1128ab1000 r-xs 00003000 09:01 20067260                   /usr/local/exelis/idl82/idlde/plugins/org.eclipse.ui.workbench.texteditor.nl_ko_3.5.0.v20111128114305.jar
7f1128ac0000-7f1128ac5000 r-xs 0001d000 09:01 20067268                   /usr/local/exelis/idl82/idlde/plugins/org.eclipse.ui_3.5.2.M20100120-0800.jar
7f1128ac8000-7f1128aca000 r-xs 00002000 09:01 20067262                   /usr/local/exelis/idl82/idlde/plugins/org.eclipse.ui.workbench.texteditor.nl_pt_BR_3.5.0.v20111128114305.jar
7f1128ad0000-7f1128ad5000 r-xs 00034000 09:01 20067063                   /usr/local/exelis/idl82/idlde/plugins/org.eclipse.text_3.5.0.v20090513-2000.jar
7f1128ad8000-7f1128ad9000 r-xs 00006000 09:01 20067251                   /usr/local/exelis/idl82/idlde/plugins/org.eclipse.ui.workbench.nl_pt_BR_3.5.0.v20111128114305.jar
7f1128ae0000-7f1128ae1000 r-xs 00006000 09:01 20067250                   /usr/local/exelis/idl82/idlde/plugins/org.eclipse.ui.workbench.nl_nl_3.5.0.v20111128114305.jar
7f1128ae8000-7f1128aea000 r-xs 00000000 09:01 20067060                   /usr/local/exelis/idl82/idlde/plugins/org.eclipse.text.nl_ru_3.5.0.v20111128114305.jar
7f1128af0000-7f1128af2000 r-xs 00007000 09:01 20066754                   /usr/local/exelis/idl82/idlde/plugins/org.eclipse.debug.ui.nl_zh_TW_3.5.0.v20111128114305.jar
7f1128af8000-7f1128afa000 r-xs 00000000 09:01 20067061                   /usr/local/exelis/idl82/idlde/plugins/org.eclipse.text.nl_zh_3.5.0.v20111128114305.jar
7f1128b00000-7f1128b02000 r-xs 00000000 09:01 20067059                   /usr/local/exelis/idl82/idlde/plugins/org.eclipse.text.nl_pt_BR_3.5.0.v20111128114305.jar
7f1128b08000-7f1128b09000 r-xs 00003000 09:01 20067259                   /usr/local/exelis/idl82/idlde/plugins/org.eclipse.ui.workbench.texteditor.nl_ja_3.5.0.v20111128114305.jar
7f1128b10000-7f1128b12000 r-xs 00002000 09:01 20067258                   /usr/local/exelis/idl82/idlde/plugins/org.eclipse.ui.workbench.texteditor.nl_it_3.5.0.v20111128114305.jar
7f1128b18000-7f1128b19000 r-xs 00007000 09:01 20067248                   /usr/local/exelis/idl82/idlde/plugins/org.eclipse.ui.workbench.nl_ja_3.5.0.v20111128114305.jar
7f1128b20000-7f1128b22000 r-xs 00000000 09:01 20067058                   /usr/local/exelis/idl82/idlde/plugins/org.eclipse.text.nl_nl_3.5.0.v20111128114305.jar
7f1128b28000-7f1128b2a000 r-xs 00000000 09:01 20067057                   /usr/local/exelis/idl82/idlde/plugins/org.eclipse.text.nl_ko_3.5.0.v20111128114305.jar
7f1128b30000-7f1128b32000 r-xs 00000000 09:01 20067056                   /usr/local/exelis/idl82/idlde/plugins/org.eclipse.text.nl_ja_3.5.0.v20111128114305.jar
7f1128b38000-7f1128b3a000 r-xs 00000000 09:01 20067055                   /usr/local/exelis/idl82/idlde/plugins/org.eclipse.text.nl_it_3.5.0.v20111128114305.jar
7f1128b40000-7f1128bd8000 r-xp 00000000 09:01 20067584                   /usr/share/fonts/dejavu/DejaVuSans.ttf
7f1128bd8000-7f1128bdc000 r-xs 00000000 09:01 21234880                   /var/cache/fontconfig/87f5e051180a7a75f16eb6fe7dbd3749-le64.cache-3
7f1128be0000-7f1128be9000 r-xs 00000000 09:01 21234881                   /var/cache/fontconfig/b79f3aaa7d385a141ab53ec885cc22a8-le64.cache-3
7f1128bf0000-7f1128bf4000 r-xs 00000000 09:01 21235094                   /var/cache/fontconfig/b67b32625a2bb51b023d3814a918f351-le64.cache-3
7f1128bf8000-7f1128c04000 r-xs 00000000 09:01 21234875                   /var/cache/fontconfig/12b26b760a24f8b4feb03ad48a333a72-le64.cache-3
7f1128c08000-7f1128c0d000 r-xp 00000000 09:01 19006427                   /usr/lib64/libXtst.so.6.1.0
7f1128c0d000-7f1128e0d000 ---p 00005000 09:01 19006427                   /usr/lib64/libXtst.so.6.1.0
7f1128e0d000-7f1128e0e000 rwxp 00005000 09:01 19006427                   /usr/lib64/libXtst.so.6.1.0
7f1128e10000-7f1128e1c000 r-xs 00000000 09:01 21235114                   /var/cache/fontconfig/18db0204b1f108dd01663673626fcd3d-le64.cache-3
7f1128e20000-7f1128e23000 r-xs 00000000 09:01 21235115                   /var/cache/fontconfig/beeeeb3dfe132a8a0633a017c99ce0c0-le64.cache-3
7f1128e28000-7f1128e94000 r-xp 00000000 09:7e 28040536169                /home/mcnally/.idl/idlworkbench-config-idl8.2.1/org.eclipse.osgi/bundles/501/1/.cp/libswt-pi-gtk-3557.so
7f1128e94000-7f1128f93000 ---p 0006c000 09:7e 28040536169                /home/mcnally/.idl/idlworkbench-config-idl8.2.1/org.eclipse.osgi/bundles/501/1/.cp/libswt-pi-gtk-3557.so
7f1128f93000-7f1128f97000 rwxp 0006b000 09:7e 28040536169                /home/mcnally/.idl/idlworkbench-config-idl8.2.1/org.eclipse.osgi/bundles/501/1/.cp/libswt-pi-gtk-3557.so
7f1128f97000-7f1128f98000 rwxp 00000000 00:00 0 
7f1128f98000-7f1128fd8000 r-xp 00000000 09:7e 28040536167                /home/mcnally/.idl/idlworkbench-config-idl8.2.1/org.eclipse.osgi/bundles/501/1/.cp/libswt-gtk-3557.so
7f1128fd8000-7f11290d8000 ---p 00040000 09:7e 28040536167                /home/mcnally/.idl/idlworkbench-config-idl8.2.1/org.eclipse.osgi/bundles/501/1/.cp/libswt-gtk-3557.so
7f11290d8000-7f11290dc000 rwxp 00040000 09:7e 28040536167                /home/mcnally/.idl/idlworkbench-config-idl8.2.1/org.eclipse.osgi/bundles/501/1/.cp/libswt-gtk-3557.so
7f11290dc000-7f11290dd000 rwxp 00000000 00:00 0 
7f11290e0000-7f11290e1000 r-xs 00001000 09:01 20066742                   /usr/local/exelis/idl82/idlde/plugins/org.eclipse.debug.core.nl_zh_TW_3.5.0.v20111128114305.jar
7f11290e8000-7f11290ea000 r-xs 0000b000 09:01 20067136                   /usr/local/exelis/idl82/idlde/plugins/org.eclipse.ui.ide.application_1.0.101.M20090826-0800.jar
7f11290f0000-7f11290f1000 r-xs 00001000 09:01 20066734                   /usr/local/exelis/idl82/idlde/plugins/org.eclipse.debug.core.nl_fr_3.5.0.v20111128114305.jar
7f11290f8000-7f11290fa000 r-xs 00005000 09:01 20067247                   /usr/local/exelis/idl82/idlde/plugins/org.eclipse.ui.workbench.nl_it_3.5.0.v20111128114305.jar
7f1129100000-7f1129101000 r-xs 00003000 09:01 20067110                   /usr/local/exelis/idl82/idlde/plugins/org.eclipse.ui.editors.nl_zh_TW_3.5.0.v20111128114305.jar
7f1129108000-7f1129109000 r-xs 00003000 09:01 20067108                   /usr/local/exelis/idl82/idlde/plugins/org.eclipse.ui.editors.nl_ru_3.5.0.v20111128114305.jar
7f1129110000-7f1129111000 r-xs 00001000 09:01 20066735                   /usr/local/exelis/idl82/idlde/plugins/org.eclipse.debug.core.nl_it_3.5.0.v20111128114305.jar
7f1129118000-7f112911a000 r-xs 00011000 09:01 20066645                   /usr/local/exelis/idl82/idlde/plugins/org.eclipse.core.jobs_3.4.100.v20090429-1800.jar
7f1129120000-7f1129121000 r-xs 00001000 09:01 20066732                   /usr/local/exelis/idl82/idlde/plugins/org.eclipse.debug.core.nl_de_3.5.0.v20111128114305.jar
7f1129128000-7f112912a000 r-xs 00000000 09:01 20067054                   /usr/local/exelis/idl82/idlde/plugins/org.eclipse.text.nl_fr_3.5.0.v20111128114305.jar
7f1129130000-7f1129132000 r-xs 00006000 09:01 20067246                   /usr/local/exelis/idl82/idlde/plugins/org.eclipse.ui.workbench.nl_fr_3.5.0.v20111128114305.jar
7f1129138000-7f1129139000 r-xs 00001000 09:01 20066738                   /usr/local/exelis/idl82/idlde/plugins/org.eclipse.debug.core.nl_nl_3.5.0.v20111128114305.jar
7f1129140000-7f1129141000 r-xs 00001000 09:01 20066739                   /usr/local/exelis/idl82/idlde/plugins/org.eclipse.debug.core.nl_pt_BR_3.5.0.v20111128114305.jar
7f1129148000-7f112914a000 r-xs 00000000 09:01 20067053                   /usr/local/exelis/idl82/idlde/plugins/org.eclipse.text.nl_es_3.5.0.v20111128114305.jar
7f1129150000-7f1129152000 r-xs 00000000 09:01 20067052                   /usr/local/exelis/idl82/idlde/plugins/org.eclipse.text.nl_de_3.5.0.v20111128114305.jar
7f1129158000-7f112915f000 r-xs 000c1000 09:01 20066473                   /usr/local/exelis/idl82/idlde/plugins/com.rsi.idldt.core_8.2.1.jar
7f1129160000-7f1129162000 r-xs 00006000 09:01 20067253                   /usr/local/exelis/idl82/idlde/plugins/org.eclipse.ui.workbench.nl_zh_3.5.0.v20111128114305.jar
7f1129168000-7f112917c000 r-xs 000e8000 09:01 20066851                   /usr/local/exelis/idl82/idlde/plugins/org.eclipse.jface_3.5.2.M20100120-0800.jar
7f1129180000-7f1129182000 r-xs 00000000 09:01 20187455                   /usr/local/exelis/idl82/idlde/plugins/org.eclipse.ui.workbench.compatibility_3.2.0.I20090429-1800/compatibility.jar
7f1129188000-7f112918a000 r-xs 00000000 09:01 20067062                   /usr/local/exelis/idl82/idlde/plugins/org.eclipse.text.nl_zh_TW_3.5.0.v20111128114305.jar
7f1129190000-7f1129192000 r-xs 00002000 09:01 20067257                   /usr/local/exelis/idl82/idlde/plugins/org.eclipse.ui.workbench.texteditor.nl_fr_3.5.0.v20111128114305.jar
7f1129198000-7f112919a000 r-xs 00002000 09:01 20067256                   /usr/local/exelis/idl82/idlde/plugins/org.eclipse.ui.workbench.texteditor.nl_es_3.5.0.v20111128114305.jar
7f11291a0000-7f11291a1000 r-xs 00003000 09:01 20067265                   /usr/local/exelis/idl82/idlde/plugins/org.eclipse.ui.workbench.texteditor.nl_zh_TW_3.5.0.v20111128114305.jar
7f11291a8000-7f11291aa000 r-xs 00007000 09:01 20066753                   /usr/local/exelis/idl82/idlde/plugins/org.eclipse.debug.ui.nl_zh_3.5.0.v20111128114305.jar
7f11291b0000-7f11291b2000 r-xs 00008000 09:01 20066752                   /usr/local/exelis/idl82/idlde/plugins/org.eclipse.debug.ui.nl_ru_3.5.0.v20111128114305.jar
7f11291b8000-7f11291ba000 r-xs 00006000 09:01 20066751                   /usr/local/exelis/idl82/idlde/plugins/org.eclipse.debug.ui.nl_pt_BR_3.5.0.v20111128114305.jar
7f11291c0000-7f11291c2000 r-xs 00006000 09:01 20066750                   /usr/local/exelis/idl82/idlde/plugins/org.eclipse.debug.ui.nl_nl_3.5.0.v20111128114305.jar
7f11291c8000-7f112920e000 r-xs 0039b000 09:01 20067267                   /usr/local/exelis/idl82/idlde/plugins/org.eclipse.ui.workbench_3.5.2.M20100113-0800.jar
7f1129210000-7f1129213000 r-xs 00007000 09:01 20066749                   /usr/local/exelis/idl82/idlde/plugins/org.eclipse.debug.ui.nl_ko_3.5.0.v20111128114305.jar
7f1129215000-7f1129218000 ---p 00000000 00:00 0 
7f1129218000-7f1129316000 rwxp 00000000 00:00 0 
7f1129316000-7f1129319000 ---p 00000000 00:00 0 
7f1129319000-7f1129417000 rwxp 00000000 00:00 0 
7f1129417000-7f112941a000 ---p 00000000 00:00 0 
7f112941a000-7f1129518000 rwxp 00000000 00:00 0 
7f1129518000-7f1129519000 r-xs 00001000 09:01 20066737                   /usr/local/exelis/idl82/idlde/plugins/org.eclipse.debug.core.nl_ko_3.5.0.v20111128114305.jar
7f112951e000-7f1129521000 ---p 00000000 00:00 0 
7f1129521000-7f112961f000 rwxp 00000000 00:00 0 
7f112961f000-7f1129622000 ---p 00000000 00:00 0 
7f1129622000-7f1129720000 rwxp 00000000 00:00 0 
7f1129720000-7f1129727000 r-xp 00000000 09:01 20065910                   /usr/local/exelis/idl82/idlde/bin.linux.x86_64/jre/lib/amd64/libnio.so
7f1129727000-7f1129826000 ---p 00007000 09:01 20065910                   /usr/local/exelis/idl82/idlde/bin.linux.x86_64/jre/lib/amd64/libnio.so
7f1129826000-7f1129828000 rwxp 00006000 09:01 20065910                   /usr/local/exelis/idl82/idlde/bin.linux.x86_64/jre/lib/amd64/libnio.so
7f1129828000-7f112983b000 r-xp 00000000 09:01 20065909                   /usr/local/exelis/idl82/idlde/bin.linux.x86_64/jre/lib/amd64/libnet.so
7f112983b000-7f112993c000 ---p 00013000 09:01 20065909                   /usr/local/exelis/idl82/idlde/bin.linux.x86_64/jre/lib/amd64/libnet.so
7f112993c000-7f112993f000 rwxp 00014000 09:01 20065909                   /usr/local/exelis/idl82/idlde/bin.linux.x86_64/jre/lib/amd64/libnet.so
7f1129940000-7f11299a0000 rwxs 00000000 00:04 573571511                  /SYSV00000000 (deleted)
7f11299a0000-7f11299a3000 r-xp 00000000 09:01 19532746                   /usr/lib64/gtk-2.0/2.10.0/loaders/libpixbufloader-bmp.so
7f11299a3000-7f1129ba3000 ---p 00003000 09:01 19532746                   /usr/lib64/gtk-2.0/2.10.0/loaders/libpixbufloader-bmp.so
7f1129ba3000-7f1129ba4000 rwxp 00003000 09:01 19532746                   /usr/lib64/gtk-2.0/2.10.0/loaders/libpixbufloader-bmp.so
7f1129ba8000-7f1129c19000 r-xp 00000000 09:01 27787426                   /lib64/libfreebl3.so
7f1129c19000-7f1129e18000 ---p 00071000 09:01 27787426                   /lib64/libfreebl3.so
7f1129e18000-7f1129e1a000 r-xp 00070000 09:01 27787426                   /lib64/libfreebl3.so
7f1129e1a000-7f1129e1b000 rwxp 00072000 09:01 27787426                   /lib64/libfreebl3.so
7f1129e1b000-7f1129e1f000 rwxp 00000000 00:00 0 
7f1129e20000-7f1129e27000 r-xp 00000000 09:01 27787279                   /lib64/libcrypt-2.12.so
7f1129e27000-7f112a027000 ---p 00007000 09:01 27787279                   /lib64/libcrypt-2.12.so
7f112a027000-7f112a028000 r-xp 00007000 09:01 27787279                   /lib64/libcrypt-2.12.so
7f112a028000-7f112a029000 rwxp 00008000 09:01 27787279                   /lib64/libcrypt-2.12.so
7f112a029000-7f112a057000 rwxp 00000000 00:00 0 
7f112a058000-7f112a061000 r-xp 00000000 09:01 19006753                   /usr/lib64/libltdl.so.7.2.1
7f112a061000-7f112a260000 ---p 00009000 09:01 19006753                   /usr/lib64/libltdl.so.7.2.1
7f112a260000-7f112a261000 rwxp 00008000 09:01 19006753                   /usr/lib64/libltdl.so.7.2.1
7f112a268000-7f112a279000 r-xp 00000000 09:01 19006750                   /usr/lib64/libtdb.so.1.2.10
7f112a279000-7f112a478000 ---p 00011000 09:01 19006750                   /usr/lib64/libtdb.so.1.2.10
7f112a478000-7f112a479000 rwxp 00010000 09:01 19006750                   /usr/lib64/libtdb.so.1.2.10
7f112a480000-7f112a485000 r-xp 00000000 09:01 19006318                   /usr/lib64/libogg.so.0.6.0
7f112a485000-7f112a685000 ---p 00005000 09:01 19006318                   /usr/lib64/libogg.so.0.6.0
7f112a685000-7f112a686000 rwxp 00005000 09:01 19006318                   /usr/lib64/libogg.so.0.6.0
7f112a688000-7f112a6b4000 r-xp 00000000 09:01 19006447                   /usr/lib64/libvorbis.so.0.4.3
7f112a6b4000-7f112a8b3000 ---p 0002c000 09:01 19006447                   /usr/lib64/libvorbis.so.0.4.3
7f112a8b3000-7f112a8b4000 rwxp 0002b000 09:01 19006447                   /usr/lib64/libvorbis.so.0.4.3
7f112a8b8000-7f112a8bf000 r-xp 00000000 09:01 19006451                   /usr/lib64/libvorbisfile.so.3.3.2
7f112a8bf000-7f112aabe000 ---p 00007000 09:01 19006451                   /usr/lib64/libvorbisfile.so.3.3.2
7f112aabe000-7f112aabf000 rwxp 00006000 09:01 19006451                   /usr/lib64/libvorbisfile.so.3.3.2
7f112aac0000-7f112aacf000 r-xp 00000000 09:01 19007783                   /usr/lib64/libcanberra.so.0.2.1
7f112aacf000-7f112accf000 ---p 0000f000 09:01 19007783                   /usr/lib64/libcanberra.so.0.2.1
7f112accf000-7f112acd0000 rwxp 0000f000 09:01 19007783                   /usr/lib64/libcanberra.so.0.2.1
7f112acd0000-7f112acd4000 r-xp 00000000 09:01 19007999                   /usr/lib64/libcanberra-gtk.so.0.1.5
7f112acd4000-7f112aed3000 ---p 00004000 09:01 19007999                   /usr/lib64/libcanberra-gtk.so.0.1.5
7f112aed3000-7f112aed4000 rwxp 00003000 09:01 19007999                   /usr/lib64/libcanberra-gtk.so.0.1.5
7f112aed8000-7f112aedd000 r-xp 00000000 09:01 19532986                   /usr/lib64/gtk-2.0/modules/libcanberra-gtk-module.so
7f112aedd000-7f112b0dd000 ---p 00005000 09:01 19532986                   /usr/lib64/gtk-2.0/modules/libcanberra-gtk-module.so
7f112b0dd000-7f112b0de000 rwxp 00005000 09:01 19532986                   /usr/lib64/gtk-2.0/modules/libcanberra-gtk-module.so
7f112b0e0000-7f112b120000 r-xp 00000000 09:01 27787329                   /lib64/libdbus-1.so.3.4.0
7f112b120000-7f112b31f000 ---p 00040000 09:01 27787329                   /lib64/libdbus-1.so.3.4.0
7f112b31f000-7f112b320000 r-xp 0003f000 09:01 27787329                   /lib64/libdbus-1.so.3.4.0
7f112b320000-7f112b321000 rwxp 00040000 09:01 27787329                   /lib64/libdbus-1.so.3.4.0
7f112b328000-7f112b34a000 r-xp 00000000 09:01 19006224                   /usr/lib64/libdbus-glib-1.so.2.1.0
7f112b34a000-7f112b549000 ---p 00022000 09:01 19006224                   /usr/lib64/libdbus-glib-1.so.2.1.0
7f112b549000-7f112b54b000 rwxp 00021000 09:01 19006224                   /usr/lib64/libdbus-glib-1.so.2.1.0
7f112b550000-7f112b553000 r-xp 00000000 09:01 19541667                   /usr/lib64/gtk-2.0/modules/libpk-gtk-module.so
7f112b553000-7f112b752000 ---p 00003000 09:01 19541667                   /usr/lib64/gtk-2.0/modules/libpk-gtk-module.so
7f112b752000-7f112b753000 rwxp 00002000 09:01 19541667                   /usr/lib64/gtk-2.0/modules/libpk-gtk-module.so
7f112b758000-7f112b782000 r-xp 00000000 09:01 19533025                   /usr/lib64/gtk-2.0/2.10.0/engines/libclearlooks.so
7f112b782000-7f112b982000 ---p 0002a000 09:01 19533025                   /usr/lib64/gtk-2.0/2.10.0/engines/libclearlooks.so
7f112b982000-7f112b983000 rwxp 0002a000 09:01 19533025                   /usr/lib64/gtk-2.0/2.10.0/engines/libclearlooks.so
7f112b988000-7f112bdf2000 r-xp 00000000 09:01 19007956                   /usr/lib64/libgtk-x11-2.0.so.0.2000.1
7f112bdf2000-7f112bff1000 ---p 0046a000 09:01 19007956                   /usr/lib64/libgtk-x11-2.0.so.0.2000.1
7f112bff1000-7f112bffc000 rwxp 00469000 09:01 19007956                   /usr/lib64/libgtk-x11-2.0.so.0.2000.1
7f112bffc000-7f112bffe000 rwxp 00000000 00:00 0 
7f112c000000-7f112e5d1000 rwxp 00000000 00:00 0 
7f112e5d1000-7f1130000000 ---p 00000000 00:00 0 
7f1130000000-7f1130021000 rwxp 00000000 00:00 0 
7f1130021000-7f1134000000 ---p 00000000 00:00 0 
7f1134000000-7f1137e7f000 rwxp 00000000 00:00 0 
7f1137e7f000-7f1138000000 ---p 00000000 00:00 0 
7f1138000000-7f1138002000 r-xs 00002000 09:01 20067106                   /usr/local/exelis/idl82/idlde/plugins/org.eclipse.ui.editors.nl_nl_3.5.0.v20111128114305.jar
7f1138008000-7f113800a000 r-xs 00002000 09:01 20066848                   /usr/local/exelis/idl82/idlde/plugins/org.eclipse.jface.text.nl_zh_3.5.0.v20111128114305.jar
7f1138010000-7f1138012000 r-xs 00001000 09:01 20066740                   /usr/local/exelis/idl82/idlde/plugins/org.eclipse.debug.core.nl_ru_3.5.0.v20111128114305.jar
7f1138018000-7f113801a000 r-xs 00002000 09:01 20067255                   /usr/local/exelis/idl82/idlde/plugins/org.eclipse.ui.workbench.texteditor.nl_de_3.5.0.v20111128114305.jar
7f1138020000-7f1138027000 r-xs 00000000 09:01 19270325                   /usr/lib64/gconv/gconv-modules.cache
7f1138028000-7f1138029000 r-xs 00002000 09:01 20066842                   /usr/local/exelis/idl82/idlde/plugins/org.eclipse.jface.text.nl_it_3.5.0.v20111128114305.jar
7f1138030000-7f1138031000 r-xs 00003000 09:01 20066975                   /usr/local/exelis/idl82/idlde/plugins/org.eclipse.swt_3.5.2.v3557f.jar
7f1138038000-7f113803a000 r-xs 00008000 09:01 20066748                   /usr/local/exelis/idl82/idlde/plugins/org.eclipse.debug.ui.nl_ja_3.5.0.v20111128114305.jar
7f1138040000-7f1138042000 r-xs 00006000 09:01 20066747                   /usr/local/exelis/idl82/idlde/plugins/org.eclipse.debug.ui.nl_it_3.5.0.v20111128114305.jar
7f1138048000-7f113804a000 r-xs 00007000 09:01 20066746                   /usr/local/exelis/idl82/idlde/plugins/org.eclipse.debug.ui.nl_fr_3.5.0.v20111128114305.jar
7f1138050000-7f11380b8000 rwxp 00000000 00:00 0 
7f11380b8000-7f11380d6000 r-xp 00000000 09:01 19006189                   /usr/lib64/libatk-1.0.so.0.3009.1
7f11380d6000-7f11382d6000 ---p 0001e000 09:01 19006189                   /usr/lib64/libatk-1.0.so.0.3009.1
7f11382d6000-7f11382d9000 rwxp 0001e000 09:01 19006189                   /usr/lib64/libatk-1.0.so.0.3009.1
7f11382e0000-7f11382e2000 r-xp 00000000 09:01 19006360                   /usr/lib64/libXau.so.6.0.0
7f11382e2000-7f11384e2000 ---p 00002000 09:01 19006360                   /usr/lib64/libXau.so.6.0.0
7f11384e2000-7f11384e3000 rwxp 00002000 09:01 19006360                   /usr/lib64/libXau.so.6.0.0
7f11384e8000-7f1138505000 r-xp 00000000 09:01 27787454                   /lib64/libselinux.so.1
7f1138505000-7f1138704000 ---p 0001d000 09:01 27787454                   /lib64/libselinux.so.1
7f1138704000-7f1138705000 r-xp 0001c000 09:01 27787454                   /lib64/libselinux.so.1
7f1138705000-7f1138706000 rwxp 0001d000 09:01 27787454                   /lib64/libselinux.so.1
7f1138706000-7f1138707000 rwxp 00000000 00:00 0 
7f1138708000-7f113871e000 r-xp 00000000 09:01 27787444                   /lib64/libresolv-2.12.so
7f113871e000-7f113891e000 ---p 00016000 09:01 27787444                   /lib64/libresolv-2.12.so
7f113891e000-7f113891f000 r-xp 00016000 09:01 27787444                   /lib64/libresolv-2.12.so
7f113891f000-7f1138920000 rwxp 00017000 09:01 27787444                   /lib64/libresolv-2.12.so
7f1138920000-7f1138922000 rwxp 00000000 00:00 0 
7f1138928000-7f1138945000 r-xp 00000000 09:01 19006404                   /usr/lib64/libxcb.so.1.1.0
7f1138945000-7f1138b45000 ---p 0001d000 09:01 19006404                   /usr/lib64/libxcb.so.1.1.0
7f1138b45000-7f1138b46000 rwxp 0001d000 09:01 19006404                   /usr/lib64/libxcb.so.1.1.0
7f1138b48000-7f1138b5d000 r-xp 00000000 09:01 27787327                   /lib64/libz.so.1.2.3
7f1138b5d000-7f1138d5c000 ---p 00015000 09:01 27787327                   /lib64/libz.so.1.2.3
7f1138d5c000-7f1138d5d000 r-xp 00014000 09:01 27787327                   /lib64/libz.so.1.2.3
7f1138d5d000-7f1138d5e000 rwxp 00015000 09:01 27787327                   /lib64/libz.so.1.2.3
7f1138d60000-7f1138d85000 r-xp 00000000 09:01 19006302                   /usr/lib64/libpng12.so.0.49.0
7f1138d85000-7f1138f85000 ---p 00025000 09:01 19006302                   /usr/lib64/libpng12.so.0.49.0
7f1138f85000-7f1138f86000 rwxp 00025000 09:01 19006302                   /usr/lib64/libpng12.so.0.49.0
7f1138f88000-7f113900b000 r-xp 00000000 09:01 19009135                   /usr/lib64/libpixman-1.so.0.26.2
7f113900b000-7f113920a000 ---p 00083000 09:01 19009135                   /usr/lib64/libpixman-1.so.0.26.2
7f113920a000-7f1139210000 rwxp 00082000 09:01 19009135                   /usr/lib64/libpixman-1.so.0.26.2
7f1139210000-7f1139236000 r-xp 00000000 09:01 27787348                   /lib64/libexpat.so.1.5.2
7f1139236000-7f1139435000 ---p 00026000 09:01 27787348                   /lib64/libexpat.so.1.5.2
7f1139435000-7f1139438000 rwxp 00025000 09:01 27787348                   /lib64/libexpat.so.1.5.2
7f1139438000-7f11394d0000 r-xp 00000000 09:01 19006098                   /usr/lib64/libfreetype.so.6.3.22
7f11394d0000-7f11396cf000 ---p 00098000 09:01 19006098                   /usr/lib64/libfreetype.so.6.3.22
7f11396cf000-7f11396d5000 rwxp 00097000 09:01 19006098                   /usr/lib64/libfreetype.so.6.3.22
7f11396d8000-7f11396db000 r-xp 00000000 09:01 27787355                   /lib64/libgmodule-2.0.so.0.2600.1
7f11396db000-7f11398da000 ---p 00003000 09:01 27787355                   /lib64/libgmodule-2.0.so.0.2600.1
7f11398da000-7f11398db000 rwxp 00002000 09:01 27787355                   /lib64/libgmodule-2.0.so.0.2600.1
7f11398e0000-7f1139909000 r-xp 00000000 09:01 19007935                   /usr/lib64/libpangoft2-1.0.so.0.2800.1
7f1139909000-7f1139b08000 ---p 00029000 09:01 19007935                   /usr/lib64/libpangoft2-1.0.so.0.2800.1
7f1139b08000-7f1139b0a000 rwxp 00028000 09:01 19007935                   /usr/lib64/libpangoft2-1.0.so.0.2800.1
7f1139b10000-7f1139c1b000 r-xp 00000000 09:01 27787351                   /lib64/libgio-2.0.so.0.2600.1
7f1139c1b000-7f1139e1b000 ---p 0010b000 09:01 27787351                   /lib64/libgio-2.0.so.0.2600.1
7f1139e1b000-7f1139e20000 rwxp 0010b000 09:01 27787351                   /lib64/libgio-2.0.so.0.2600.1
7f1139e20000-7f1139e21000 rwxp 00000000 00:00 0 
7f1139e28000-7f1139f5f000 r-xp 00000000 09:01 19006408                   /usr/lib64/libX11.so.6.3.0
7f1139f5f000-7f113a15f000 ---p 00137000 09:01 19006408                   /usr/lib64/libX11.so.6.3.0
7f113a15f000-7f113a165000 rwxp 00137000 09:01 19006408                   /usr/lib64/libX11.so.6.3.0
7f113a168000-7f113fff9000 r-xp 00000000 09:01 19077211                   /usr/lib/locale/locale-archive
7f1140000000-7f1140021000 rwxp 00000000 00:00 0 
7f1140021000-7f1144000000 ---p 00000000 00:00 0 
7f1144000000-7f1144021000 rwxp 00000000 00:00 0 
7f1144021000-7f1148000000 ---p 00000000 00:00 0 
7f1148000000-7f1148229000 rwxp 00000000 00:00 0 
7f1148229000-7f114c000000 ---p 00000000 00:00 0 
7f114c000000-7f114c021000 rwxp 00000000 00:00 0 
7f114c021000-7f1150000000 ---p 00000000 00:00 0 
7f1150000000-7f1150021000 rwxp 00000000 00:00 0 
7f1150021000-7f1154000000 ---p 00000000 00:00 0 
7f1154000000-7f1154021000 rwxp 00000000 00:00 0 
7f1154021000-7f1158000000 ---p 00000000 00:00 0 
7f1158000000-7f1158021000 rwxp 00000000 00:00 0 
7f1158021000-7f115c000000 ---p 00000000 00:00 0 
7f115c000000-7f115c021000 rwxp 00000000 00:00 0 
7f115c021000-7f1160000000 ---p 00000000 00:00 0 
7f1160000000-7f1160021000 rwxp 00000000 00:00 0 
7f1160021000-7f1164000000 ---p 00000000 00:00 0 
7f1164000000-7f1164021000 rwxp 00000000 00:00 0 
7f1164021000-7f1168000000 ---p 00000000 00:00 0 
7f1168000000-7f1168021000 rwxp 00000000 00:00 0 
7f1168021000-7f116c000000 ---p 00000000 00:00 0 
7f116c000000-7f116c021000 rwxp 00000000 00:00 0 
7f116c021000-7f1170000000 ---p 00000000 00:00 0 
7f1170000000-7f1170021000 rwxp 00000000 00:00 0 
7f1170021000-7f1174000000 ---p 00000000 00:00 0 
7f1174000000-7f1174021000 rwxp 00000000 00:00 0 
7f1174021000-7f1178000000 ---p 00000000 00:00 0 
7f1178000000-7f1178021000 rwxp 00000000 00:00 0 
7f1178021000-7f117c000000 ---p 00000000 00:00 0 
7f117c000000-7f117c021000 rwxp 00000000 00:00 0 
7f117c021000-7f1180000000 ---p 00000000 00:00 0 
7f1180000000-7f1180021000 rwxp 00000000 00:00 0 
7f1180021000-7f1184000000 ---p 00000000 00:00 0 
7f1184000000-7f1184002000 r-xs 00007000 09:01 20066745                   /usr/local/exelis/idl82/idlde/plugins/org.eclipse.debug.ui.nl_es_3.5.0.v20111128114305.jar
7f1184008000-7f1184009000 r-xs 00003000 09:01 20067105                   /usr/local/exelis/idl82/idlde/plugins/org.eclipse.ui.editors.nl_ko_3.5.0.v20111128114305.jar
7f1184010000-7f1184011000 r-xs 00003000 09:01 20067104                   /usr/local/exelis/idl82/idlde/plugins/org.eclipse.ui.editors.nl_ja_3.5.0.v20111128114305.jar
7f1184018000-7f118401a000 r-xs 00005000 09:01 20067245                   /usr/local/exelis/idl82/idlde/plugins/org.eclipse.ui.workbench.nl_es_3.5.0.v20111128114305.jar
7f1184020000-7f1184022000 r-xs 00002000 09:01 20067103                   /usr/local/exelis/idl82/idlde/plugins/org.eclipse.ui.editors.nl_it_3.5.0.v20111128114305.jar
7f1184028000-7f118402a000 r-xs 00002000 09:01 20067102                   /usr/local/exelis/idl82/idlde/plugins/org.eclipse.ui.editors.nl_fr_3.5.0.v20111128114305.jar
7f1184030000-7f1184032000 r-xs 00002000 09:01 20067101                   /usr/local/exelis/idl82/idlde/plugins/org.eclipse.ui.editors.nl_es_3.5.0.v20111128114305.jar
7f1184038000-7f118403a000 r-xs 00006000 09:01 20067252                   /usr/local/exelis/idl82/idlde/plugins/org.eclipse.ui.workbench.nl_ru_3.5.0.v20111128114305.jar
7f1184040000-7f1184042000 r-xs 00002000 09:01 20067107                   /usr/local/exelis/idl82/idlde/plugins/org.eclipse.ui.editors.nl_pt_BR_3.5.0.v20111128114305.jar
7f1184048000-7f1184066000 r-xp 00000000 09:01 19007952                   /usr/lib64/libgdk_pixbuf-2.0.so.0.2000.1
7f1184066000-7f1184266000 ---p 0001e000 09:01 19007952                   /usr/lib64/libgdk_pixbuf-2.0.so.0.2000.1
7f1184266000-7f1184267000 rwxp 0001e000 09:01 19007952                   /usr/lib64/libgdk_pixbuf-2.0.so.0.2000.1
7f1184268000-7f11842de000 r-xp 00000000 09:01 19007368                   /usr/lib64/libcairo.so.2.10800.8
7f11842de000-7f11844de000 ---p 00076000 09:01 19007368                   /usr/lib64/libcairo.so.2.10800.8
7f11844de000-7f11844e1000 rwxp 00076000 09:01 19007368                   /usr/lib64/libcairo.so.2.10800.8
7f11844e8000-7f11844ed000 r-xp 00000000 09:01 19006414                   /usr/lib64/libXfixes.so.3.1.0
7f11844ed000-7f11846ed000 ---p 00005000 09:01 19006414                   /usr/lib64/libXfixes.so.3.1.0
7f11846ed000-7f11846ee000 rwxp 00005000 09:01 19006414                   /usr/lib64/libXfixes.so.3.1.0
7f11846f0000-7f11846f2000 r-xp 00000000 09:01 19006431                   /usr/lib64/libXdamage.so.1.1.0
7f11846f2000-7f11848f1000 ---p 00002000 09:01 19006431                   /usr/lib64/libXdamage.so.1.1.0
7f11848f1000-7f11848f2000 rwxp 00001000 09:01 19006431                   /usr/lib64/libXdamage.so.1.1.0
7f11848f8000-7f11848fa000 r-xp 00000000 09:01 19006507                   /usr/lib64/libXcomposite.so.1.0.0
7f11848fa000-7f1184af9000 ---p 00002000 09:01 19006507                   /usr/lib64/libXcomposite.so.1.0.0
7f1184af9000-7f1184afa000 rwxp 00001000 09:01 19006507                   /usr/lib64/libXcomposite.so.1.0.0
7f1184b00000-7f1184b09000 r-xp 00000000 09:01 19006506                   /usr/lib64/libXcursor.so.1.0.2
7f1184b09000-7f1184d09000 ---p 00009000 09:01 19006506                   /usr/lib64/libXcursor.so.1.0.2
7f1184d09000-7f1184d0a000 rwxp 00009000 09:01 19006506                   /usr/lib64/libXcursor.so.1.0.2
7f1184d10000-7f1184d19000 r-xp 00000000 09:01 19006418                   /usr/lib64/libXrandr.so.2.2.0
7f1184d19000-7f1184f18000 ---p 00009000 09:01 19006418                   /usr/lib64/libXrandr.so.2.2.0
7f1184f18000-7f1184f19000 rwxp 00008000 09:01 19006418                   /usr/lib64/libXrandr.so.2.2.0
7f1184f20000-7f1184f2e000 r-xp 00000000 09:01 19006416                   /usr/lib64/libXi.so.6.1.0
7f1184f2e000-7f118512e000 ---p 0000e000 09:01 19006416                   /usr/lib64/libXi.so.6.1.0
7f118512e000-7f118512f000 rwxp 0000e000 09:01 19006416                   /usr/lib64/libXi.so.6.1.0
7f1185130000-7f1185132000 r-xp 00000000 09:01 19006420                   /usr/lib64/libXinerama.so.1.0.0
7f1185132000-7f1185331000 ---p 00002000 09:01 19006420                   /usr/lib64/libXinerama.so.1.0.0
7f1185331000-7f1185332000 rwxp 00001000 09:01 19006420                   /usr/lib64/libXinerama.so.1.0.0
7f1185338000-7f1185341000 r-xp 00000000 09:01 19006412                   /usr/lib64/libXrender.so.1.3.0
7f1185341000-7f1185541000 ---p 00009000 09:01 19006412                   /usr/lib64/libXrender.so.1.3.0
7f1185541000-7f1185542000 rwxp 00009000 09:01 19006412                   /usr/lib64/libXrender.so.1.3.0
7f1185548000-7f118555a000 r-xp 00000000 09:01 19006410                   /usr/lib64/libXext.so.6.4.0
7f118555a000-7f118575a000 ---p 00012000 09:01 19006410                   /usr/lib64/libXext.so.6.4.0
7f118575a000-7f118575b000 rwxp 00012000 09:01 19006410                   /usr/lib64/libXext.so.6.4.0
7f1185760000-7f1185794000 r-xp 00000000 09:01 19007360                   /usr/lib64/libfontconfig.so.1.4.4
7f1185794000-7f1185994000 ---p 00034000 09:01 19007360                   /usr/lib64/libfontconfig.so.1.4.4
7f1185994000-7f1185996000 rwxp 00034000 09:01 19007360                   /usr/lib64/libfontconfig.so.1.4.4
7f1185998000-7f11859e0000 r-xp 00000000 09:01 19007931                   /usr/lib64/libpango-1.0.so.0.2800.1
7f11859e0000-7f1185be0000 ---p 00048000 09:01 19007931                   /usr/lib64/libpango-1.0.so.0.2800.1
7f1185be0000-7f1185be3000 rwxp 00048000 09:01 19007931                   /usr/lib64/libpango-1.0.so.0.2800.1
7f1185be8000-7f1185bf3000 r-xp 00000000 09:01 19007933                   /usr/lib64/libpangocairo-1.0.so.0.2800.1
7f1185bf3000-7f1185df3000 ---p 0000b000 09:01 19007933                   /usr/lib64/libpangocairo-1.0.so.0.2800.1
7f1185df3000-7f1185df4000 rwxp 0000b000 09:01 19007933                   /usr/lib64/libpangocairo-1.0.so.0.2800.1
7f1185df8000-7f1185eae000 r-xp 00000000 09:01 19007950                   /usr/lib64/libgdk-x11-2.0.so.0.2000.1
7f1185eae000-7f11860ae000 ---p 000b6000 09:01 19007950                   /usr/lib64/libgdk-x11-2.0.so.0.2000.1
7f11860ae000-7f11860b3000 rwxp 000b6000 09:01 19007950                   /usr/lib64/libgdk-x11-2.0.so.0.2000.1
7f11860b8000-7f11861bb000 r-xp 00000000 09:01 27787353                   /lib64/libglib-2.0.so.0.2600.1
7f11861bb000-7f11863bb000 ---p 00103000 09:01 27787353                   /lib64/libglib-2.0.so.0.2600.1
7f11863bb000-7f11863bc000 rwxp 00103000 09:01 27787353                   /lib64/libglib-2.0.so.0.2600.1
7f11863bc000-7f11863bd000 rwxp 00000000 00:00 0 
7f11863c0000-7f11863c4000 r-xp 00000000 09:01 27787359                   /lib64/libgthread-2.0.so.0.2600.1
7f11863c4000-7f11865c3000 ---p 00004000 09:01 27787359                   /lib64/libgthread-2.0.so.0.2600.1
7f11865c3000-7f11865c4000 rwxp 00003000 09:01 27787359                   /lib64/libgthread-2.0.so.0.2600.1
7f11865c8000-7f1186612000 r-xp 00000000 09:01 27787357                   /lib64/libgobject-2.0.so.0.2600.1
7f1186612000-7f1186811000 ---p 0004a000 09:01 27787357                   /lib64/libgobject-2.0.so.0.2600.1
7f1186811000-7f1186813000 rwxp 00049000 09:01 27787357                   /lib64/libgobject-2.0.so.0.2600.1
7f1186813000-7f1186814000 rwxp 00000000 00:00 0 
7f1186818000-7f1186826000 r-xp 00000000 09:01 20186936                   /usr/local/exelis/idl82/idlde/plugins/org.eclipse.equinox.launcher.gtk.linux.x86_64_1.0.200.v20090519/eclipse_1206.so
7f1186826000-7f1186926000 ---p 0000e000 09:01 20186936                   /usr/local/exelis/idl82/idlde/plugins/org.eclipse.equinox.launcher.gtk.linux.x86_64_1.0.200.v20090519/eclipse_1206.so
7f1186926000-7f1186927000 rwxp 0000e000 09:01 20186936                   /usr/local/exelis/idl82/idlde/plugins/org.eclipse.equinox.launcher.gtk.linux.x86_64_1.0.200.v20090519/eclipse_1206.so
7f1186928000-7f1186929000 ---p 00000000 00:00 0 
7f1186929000-7f1186a29000 rwxp 00000000 00:00 0 
7f1186a29000-7f1186a2c000 ---p 00000000 00:00 0 
7f1186a2c000-7f1186b2a000 rwxp 00000000 00:00 0 
7f1186b2a000-7f1186b2d000 ---p 00000000 00:00 0 
7f1186b2d000-7f1186c2b000 rwxp 00000000 00:00 0 
7f1186c2b000-7f1186c2e000 ---p 00000000 00:00 0 
7f1186c2e000-7f1186d2c000 rwxp 00000000 00:00 0 
7f1186d2c000-7f1186d2f000 ---p 00000000 00:00 0 
7f1186d2f000-7f1186e2d000 rwxp 00000000 00:00 0 
7f1186e2d000-7f1186e30000 ---p 00000000 00:00 0 
7f1186e30000-7f1186f2e000 rwxp 00000000 00:00 0 
7f1186f2e000-7f1186f31000 ---p 00000000 00:00 0 
7f1186f31000-7f118702f000 rwxp 00000000 00:00 0 
7f118702f000-7f1187030000 ---p 00000000 00:00 0 
7f1187030000-7f1187130000 rwxp 00000000 00:00 0 
7f1187130000-7f11872c6000 r-xs 02fb6000 09:01 20065878                   /usr/local/exelis/idl82/idlde/bin.linux.x86_64/jre/lib/rt.jar
7f11872c8000-7f11872ca000 r-xs 00015000 09:01 20066769                   /usr/local/exelis/idl82/idlde/plugins/org.eclipse.equinox.common_3.5.1.R35x_v20090807-1100.jar
7f11872cc000-7f11872cd000 ---p 00000000 00:00 0 
7f11872cd000-7f11873cd000 rwxp 00000000 00:00 0 
7f11873cd000-7f11873ce000 ---p 00000000 00:00 0 
7f11873ce000-7f11874ce000 rwxp 00000000 00:00 0 
7f11874ce000-7f11874cf000 ---p 00000000 00:00 0 
7f11874cf000-7f11875cf000 rwxp 00000000 00:00 0 
7f11875cf000-7f11875d0000 ---p 00000000 00:00 0 
7f11875d0000-7f11876d0000 rwxp 00000000 00:00 0 
7f11876d0000-7f11876d1000 ---p 00000000 00:00 0 
7f11876d1000-7f11877d1000 rwxp 00000000 00:00 0 
7f11877d1000-7f11877d2000 ---p 00000000 00:00 0 
7f11877d2000-7f11878d2000 rwxp 00000000 00:00 0 
7f11878d2000-7f11878d3000 ---p 00000000 00:00 0 
7f11878d3000-7f11879d3000 rwxp 00000000 00:00 0 
7f11879d3000-7f11879d4000 ---p 00000000 00:00 0 
7f11879d4000-7f1187ad4000 rwxp 00000000 00:00 0 
7f1187ad4000-7f1187ad5000 ---p 00000000 00:00 0 
7f1187ad5000-7f1187bee000 rwxp 00000000 00:00 0 
7f1187bee000-7f1187bff000 rwxp 00000000 00:00 0 
7f1187bff000-7f1188141000 rwxp 00000000 00:00 0 
7f1188141000-7f118a6a9000 rwxp 00000000 00:00 0 
7f118a6a9000-7f118a94b000 rwxp 00000000 00:00 0 
7f118a94b000-7f118bbff000 rwxp 00000000 00:00 0 
7f118bbff000-7f118edb0000 rwxp 00000000 00:00 0 
7f118edb0000-7f1191000000 rwxp 00000000 00:00 0 
7f1191000000-7f12392d0000 rwxp 00000000 00:00 0 
7f12392d0000-7f16e6560000 rwxp 00000000 00:00 0 
7f16e6560000-7f173a6c0000 rwxp 00000000 00:00 0 
7f173a6c0000-7f1991000000 rwxp 00000000 00:00 0 
7f1991000000-7f1991960000 rwxp 00000000 00:00 0 
7f1991960000-7f1996a5b000 rwxp 00000000 00:00 0 
7f1996a5b000-7f1998000000 ---p 00000000 00:00 0 
7f1998000000-7f1998001000 r-xs 00001000 09:01 20066736                   /usr/local/exelis/idl82/idlde/plugins/org.eclipse.debug.core.nl_ja_3.5.0.v20111128114305.jar
7f1998008000-7f1998009000 r-xs 00003000 09:01 20067263                   /usr/local/exelis/idl82/idlde/plugins/org.eclipse.ui.workbench.texteditor.nl_ru_3.5.0.v20111128114305.jar
7f1998010000-7f1998012000 r-xs 00002000 09:01 20066841                   /usr/local/exelis/idl82/idlde/plugins/org.eclipse.jface.text.nl_fr_3.5.0.v20111128114305.jar
7f1998018000-7f1998019000 r-xs 00002000 09:01 20066840                   /usr/local/exelis/idl82/idlde/plugins/org.eclipse.jface.text.nl_es_3.5.0.v20111128114305.jar
7f1998020000-7f1998022000 r-xs 00006000 09:01 20067244                   /usr/local/exelis/idl82/idlde/plugins/org.eclipse.ui.workbench.nl_de_3.5.0.v20111128114305.jar
7f1998028000-7f199802a000 r-xs 00002000 09:01 20067100                   /usr/local/exelis/idl82/idlde/plugins/org.eclipse.ui.editors.nl_de_3.5.0.v20111128114305.jar
7f1998030000-7f1998031000 r-xs 00002000 09:01 20066474                   /usr/local/exelis/idl82/idlde/plugins/com.rsi.idldt.graphics.nl_8.2.1.jar
7f1998034000-7f1998067000 rwxp 00000000 00:00 0 
7f1998067000-7f1998068000 ---p 00000000 00:00 0 
7f1998068000-7f1998168000 rwxp 00000000 00:00 0 
7f1998168000-7f1998169000 ---p 00000000 00:00 0 
7f1998169000-7f1998269000 rwxp 00000000 00:00 0 
7f1998269000-7f199826a000 ---p 00000000 00:00 0 
7f199826a000-7f199836a000 rwxp 00000000 00:00 0 
7f199836a000-7f199836b000 ---p 00000000 00:00 0 
7f199836b000-7f1998484000 rwxp 00000000 00:00 0 
7f1998484000-7f1998495000 rwxp 00000000 00:00 0 
7f1998495000-7f19989d7000 rwxp 00000000 00:00 0 
7f19989d7000-7f199af40000 rwxp 00000000 00:00 0 
7f199af40000-7f199af4e000 r-xp 00000000 09:01 20065918                   /usr/local/exelis/idl82/idlde/bin.linux.x86_64/jre/lib/amd64/libzip.so
7f199af4e000-7f199b050000 ---p 0000e000 09:01 20065918                   /usr/local/exelis/idl82/idlde/bin.linux.x86_64/jre/lib/amd64/libzip.so
7f199b050000-7f199b053000 rwxp 00010000 09:01 20065918                   /usr/local/exelis/idl82/idlde/bin.linux.x86_64/jre/lib/amd64/libzip.so
7f199b053000-7f199b054000 rwxp 00000000 00:00 0 
7f199b058000-7f199b064000 r-xp 00000000 09:01 27787440                   /lib64/libnss_files-2.12.so
7f199b064000-7f199b264000 ---p 0000c000 09:01 27787440                   /lib64/libnss_files-2.12.so
7f199b264000-7f199b265000 r-xp 0000c000 09:01 27787440                   /lib64/libnss_files-2.12.so
7f199b265000-7f199b266000 rwxp 0000d000 09:01 27787440                   /lib64/libnss_files-2.12.so
7f199b268000-7f199b26f000 r-xp 00000000 09:01 20065922                   /usr/local/exelis/idl82/idlde/bin.linux.x86_64/jre/lib/amd64/native_threads/libhpi.so
7f199b26f000-7f199b370000 ---p 00007000 09:01 20065922                   /usr/local/exelis/idl82/idlde/bin.linux.x86_64/jre/lib/amd64/native_threads/libhpi.so
7f199b370000-7f199b372000 rwxp 00008000 09:01 20065922                   /usr/local/exelis/idl82/idlde/bin.linux.x86_64/jre/lib/amd64/native_threads/libhpi.so
7f199b372000-7f199b373000 rwxp 00000000 00:00 0 
7f199b378000-7f199b38e000 r-xp 00000000 09:01 27787436                   /lib64/libnsl-2.12.so
7f199b38e000-7f199b58d000 ---p 00016000 09:01 27787436                   /lib64/libnsl-2.12.so
7f199b58d000-7f199b58e000 r-xp 00015000 09:01 27787436                   /lib64/libnsl-2.12.so
7f199b58e000-7f199b58f000 rwxp 00016000 09:01 27787436                   /lib64/libnsl-2.12.so
7f199b58f000-7f199b591000 rwxp 00000000 00:00 0 
7f199b598000-7f199b5c1000 r-xp 00000000 09:01 20065896                   /usr/local/exelis/idl82/idlde/bin.linux.x86_64/jre/lib/amd64/libjava.so
7f199b5c1000-7f199b6c0000 ---p 00029000 09:01 20065896                   /usr/local/exelis/idl82/idlde/bin.linux.x86_64/jre/lib/amd64/libjava.so
7f199b6c0000-7f199b6c7000 rwxp 00028000 09:01 20065896                   /usr/local/exelis/idl82/idlde/bin.linux.x86_64/jre/lib/amd64/libjava.so
7f199b6c8000-7f199b6d5000 r-xp 00000000 09:01 20065917                   /usr/local/exelis/idl82/idlde/bin.linux.x86_64/jre/lib/amd64/libverify.so
7f199b6d5000-7f199b7d4000 ---p 0000d000 09:01 20065917                   /usr/local/exelis/idl82/idlde/bin.linux.x86_64/jre/lib/amd64/libverify.so
7f199b7d4000-7f199b7d7000 rwxp 0000c000 09:01 20065917                   /usr/local/exelis/idl82/idlde/bin.linux.x86_64/jre/lib/amd64/libverify.so
7f199b7d8000-7f199b7df000 r-xp 00000000 09:01 27787446                   /lib64/librt-2.12.so
7f199b7df000-7f199b9de000 ---p 00007000 09:01 27787446                   /lib64/librt-2.12.so
7f199b9de000-7f199b9df000 r-xp 00006000 09:01 27787446                   /lib64/librt-2.12.so
7f199b9df000-7f199b9e0000 rwxp 00007000 09:01 27787446                   /lib64/librt-2.12.so
7f199b9e0000-7f199b9e1000 r-xs 00003000 09:01 20067264                   /usr/local/exelis/idl82/idlde/plugins/org.eclipse.ui.workbench.texteditor.nl_zh_3.5.0.v20111128114305.jar
7f199b9e7000-7f199b9ea000 ---p 00000000 00:00 0 
7f199b9ea000-7f199bae8000 rwxp 00000000 00:00 0 
7f199bae8000-7f199bb6b000 r-xp 00000000 09:01 27787434                   /lib64/libm-2.12.so
7f199bb6b000-7f199bd6a000 ---p 00083000 09:01 27787434                   /lib64/libm-2.12.so
7f199bd6a000-7f199bd6b000 r-xp 00082000 09:01 27787434                   /lib64/libm-2.12.so
7f199bd6b000-7f199bd6c000 rwxp 00083000 09:01 27787434                   /lib64/libm-2.12.so
7f199bd70000-7f199c4ce000 r-xp 00000000 09:01 20065925                   /usr/local/exelis/idl82/idlde/bin.linux.x86_64/jre/lib/amd64/server/libjvm.so
7f199c4ce000-7f199c5cd000 ---p 0075e000 09:01 20065925                   /usr/local/exelis/idl82/idlde/bin.linux.x86_64/jre/lib/amd64/server/libjvm.so
7f199c5cd000-7f199c745000 rwxp 0075d000 09:01 20065925                   /usr/local/exelis/idl82/idlde/bin.linux.x86_64/jre/lib/amd64/server/libjvm.so
7f199c745000-7f199c783000 rwxp 00000000 00:00 0 
7f199c788000-7f199c913000 r-xp 00000000 09:01 27787275                   /lib64/libc-2.12.so
7f199c913000-7f199cb12000 ---p 0018b000 09:01 27787275                   /lib64/libc-2.12.so
7f199cb12000-7f199cb16000 r-xp 0018a000 09:01 27787275                   /lib64/libc-2.12.so
7f199cb16000-7f199cb17000 rwxp 0018e000 09:01 27787275                   /lib64/libc-2.12.so
7f199cb17000-7f199cb1c000 rwxp 00000000 00:00 0 
7f199cb20000-7f199cb22000 r-xp 00000000 09:01 27787432                   /lib64/libdl-2.12.so
7f199cb22000-7f199cd22000 ---p 00002000 09:01 27787432                   /lib64/libdl-2.12.so
7f199cd22000-7f199cd23000 r-xp 00002000 09:01 27787432                   /lib64/libdl-2.12.so
7f199cd23000-7f199cd24000 rwxp 00003000 09:01 27787432                   /lib64/libdl-2.12.so
7f199cd28000-7f199cd3f000 r-xp 00000000 09:01 27787299                   /lib64/libpthread-2.12.so
7f199cd3f000-7f199cf3f000 ---p 00017000 09:01 27787299                   /lib64/libpthread-2.12.so
7f199cf3f000-7f199cf40000 r-xp 00017000 09:01 27787299                   /lib64/libpthread-2.12.so
7f199cf40000-7f199cf41000 rwxp 00018000 09:01 27787299                   /lib64/libpthread-2.12.so
7f199cf41000-7f199cf45000 rwxp 00000000 00:00 0 
7f199cf48000-7f199cf68000 r-xp 00000000 09:01 27795218                   /lib64/ld-2.12.so
7f199cf68000-7f199cf79000 r-xs 000f9000 09:01 20066925                   /usr/local/exelis/idl82/idlde/plugins/org.eclipse.osgi_3.5.2.R35x_v20100126.jar
7f199cf80000-7f199cfa6000 rwxp 00000000 00:00 0 
7f199cfa6000-7f199d040000 rwxp 00000000 00:00 0 
7f199d040000-7f199d047000 r-xp 00000000 09:01 20065920                   /usr/local/exelis/idl82/idlde/bin.linux.x86_64/jre/lib/amd64/jli/libjli.so
7f199d047000-7f199d148000 ---p 00007000 09:01 20065920                   /usr/local/exelis/idl82/idlde/bin.linux.x86_64/jre/lib/amd64/jli/libjli.so
7f199d148000-7f199d14a000 rwxp 00008000 09:01 20065920                   /usr/local/exelis/idl82/idlde/bin.linux.x86_64/jre/lib/amd64/jli/libjli.so
7f199d14f000-7f199d150000 rwxp 00000000 00:00 0 
7f199d150000-7f199d151000 r-xs 00001000 09:01 20066741                   /usr/local/exelis/idl82/idlde/plugins/org.eclipse.debug.core.nl_zh_3.5.0.v20111128114305.jar
7f199d157000-7f199d158000 r-xp 00000000 00:00 0 
7f199d158000-7f199d160000 rwxs 00000000 09:01 24522639                   /tmp/hsperfdata_mcnally/7492
7f199d160000-7f199d162000 r-xs 00009000 09:01 20066778                   /usr/local/exelis/idl82/idlde/plugins/org.eclipse.equinox.launcher_1.0.201.R35x_v20090715.jar
7f199d162000-7f199d163000 rwxp 00000000 00:00 0 
7f199d163000-7f199d164000 r-xp 00000000 00:00 0 
7f199d164000-7f199d167000 rwxp 00000000 00:00 0 
7f199d167000-7f199d168000 r-xp 0001f000 09:01 27795218                   /lib64/ld-2.12.so
7f199d168000-7f199d169000 rwxp 00020000 09:01 27795218                   /lib64/ld-2.12.so
7f199d169000-7f199d16b000 rwxp 00000000 00:00 0 
7f199d16b000-7f199d16c000 rwxp 00000000 00:00 0 
7fff476a8000-7fff476bf000 rwxp 00000000 00:00 0                          [stack]
7fff477f8000-7fff477f9000 r-xp 00000000 00:00 0                          [vdso]
ffffffffff600000-ffffffffff601000 r-xp 00000000 00:00 0                  [vsyscall]

VM Arguments:
jvm_args: -Dosgi.instance.area.default=@user.home/IDLWorkspace82 -Dosgi.configuration.area=@user.home/.idl/idlworkbench-config-idl8.2.1 -Dosgi.configuration.cascaded=true -Dosgi.sharedConfiguration.area.readOnly=true -Dorg.eclipse.update.reconcile=false -Declipse.p2.data.area=@config.dir/p2 -Dosgi.sharedConfiguration.area=/usr/local/exelis/idl82/idlde/configuration.linux.x86_64 
java_command: /usr/local/exelis/idl82/idlde//plugins/org.eclipse.equinox.launcher_1.0.201.R35x_v20090715.jar -os linux -ws gtk -arch x86_64 -showsplash -launcher /usr/local/exelis/idl82/idlde/idlde.linux.x86_64 -name Idlde.linux.x86_64 --launcher.library /usr/local/exelis/idl82/idlde//plugins/org.eclipse.equinox.launcher.gtk.linux.x86_64_1.0.200.v20090519/eclipse_1206.so -startup /usr/local/exelis/idl82/idlde//plugins/org.eclipse.equinox.launcher_1.0.201.R35x_v20090715.jar -exitdata 222f81b6 -vm /usr/local/exelis/idl82/idlde/bin.linux.x86_64/jre/bin/java -vmargs -Dosgi.instance.area.default=@user.home/IDLWorkspace82 -Dosgi.configuration.area=@user.home/.idl/idlworkbench-config-idl8.2.1 -Dosgi.configuration.cascaded=true -Dosgi.sharedConfiguration.area.readOnly=true -Dorg.eclipse.update.reconcile=false -Declipse.p2.data.area=@config.dir/p2 -Dosgi.sharedConfiguration.area=/usr/local/exelis/idl82/idlde/configuration.linux.x86_64 -jar /usr/local/exelis/idl82/idlde//plugins/org.eclipse.equinox.launcher_1.0.201.R35x_v20090715.jar
Launcher Type: SUN_STANDARD

Environment Variables:
CLASSPATH=.:/usr/local/exelis/idl82/resource/bridges/export/java/javaidlb.jar
PATH=/usr/local/exelis/idl82/bin:/opt/intel/composer_xe_2011_sp1.9.293/bin/intel64:/opt/intel/composer_xe_2011_sp1.9.293/bin/intel64:/usr/local/bin:/bin:/usr/bin:/usr/lib:/usr/local/exelis/idl82/bin/idl_setup:/usr/local/exelis/idl82/products/envi48/bin:/usr/local/exelis/idl82/products/envi48/bin/envi_setup:/usr/local/exelis/idl82/products/enviex/bin/enviex_setup:/usr/local/matlab/bin:/usr/local/sbin:/usr/sbin:/sbin:/usr/lib:/usr/local/exelis/idl82/bin/idl_setup:/usr/local/exelis/idl82/products/envi48/bin:/usr/local/exelis/idl82/products/envi48/bin/envi_setup:/usr/local/exelis/idl82/products/enviex/bin/enviex_setup:/usr/local/matlab/bin:/usr/lib:/usr/local/exelis/idl82/bin/idl_setup:/usr/local/exelis/idl82/products/envi48/bin:/usr/local/exelis/idl82/products/envi48/bin/envi_setup:/usr/local/exelis/idl82/products/enviex/bin/enviex_setup:/usr/local/matlab/bin:/home/mcnally/bin:/opt/mpich2-install/bin:/home/shrad/apps/bin:/opt/intel/composer_xe_2011_sp1.9.293/mpirt/bin/intel64:/usr/lib:/usr/local/exelis/idl82/bin/idl_setup:/usr/local/exelis/idl82/products/envi48/bin:/usr/local/exelis/idl82/products/envi48/bin/envi_setup:/usr/local/exelis/idl82/products/enviex/bin/enviex_setup:/usr/local/matlab/bin:/home/mcnally/bin:/opt/mpich2-install/bin:/home/shrad/apps/bin:/opt/intel/composer_xe_2011_sp1.9.293/mpirt/bin/intel64
LD_LIBRARY_PATH=/usr/local/exelis/idl82/idlde/bin.linux.x86_64/jre/lib/amd64/server:/usr/local/exelis/idl82/idlde/bin.linux.x86_64/jre/lib/amd64:/usr/local/exelis/idl82/idlde/bin.linux.x86_64/jre/../lib/amd64:/usr/local/exelis/idl82/idlde/bin.linux.x86_64:/usr/local/exelis/idl82/bin/bin.linux.x86_64:/usr/local/exelis/idl82/bin/bin.linux.x86_64/dm/lib:/opt/intel/composer_xe_2011_sp1.9.293/compiler/lib/intel64:/opt/intel/composer_xe_2011_sp1.9.293/ipp/../compiler/lib/intel64:/opt/intel/composer_xe_2011_sp1.9.293/ipp/lib/intel64:/opt/intel/composer_xe_2011_sp1.9.293/compiler/lib/intel64:/opt/intel/composer_xe_2011_sp1.9.293/mkl/lib/intel64:/opt/intel/composer_xe_2011_sp1.9.293/tbb/lib/intel64//cc4.1.0_libc2.4_kernel2.6.16.21:/opt/intel/composer_xe_2011_sp1.9.293/debugger/lib/intel64:/opt/intel/composer_xe_2011_sp1.9.293/mpirt/lib/intel64:/usr/local/exelis/idl82/idlde/bin.linux.x86_64/jre/lib/amd64/server:/usr/local/exelis/idl82/idlde/bin.linux.x86_64/jre/lib/amd64/server/..:/usr/local/exelis/idl82/idlde/bin.linux.x86_64/jre/lib/amd64/server/../native_threads
SHELL=/bin/bash
DISPLAY=:1008.0

Signal Handlers:
SIGSEGV: [libjvm.so+0x6bddc0], sa_mask[0]=0x7ffbfeff, sa_flags=0x10000004
SIGBUS: [libjvm.so+0x6bddc0], sa_mask[0]=0x7ffbfeff, sa_flags=0x10000004
SIGFPE: [libjvm.so+0x594f90], sa_mask[0]=0x7ffbfeff, sa_flags=0x10000004
SIGPIPE: SIG_IGN, sa_mask[0]=0x00001000, sa_flags=0x10000000
SIGXFSZ: [libjvm.so+0x594f90], sa_mask[0]=0x7ffbfeff, sa_flags=0x10000004
SIGILL: [libjvm.so+0x594f90], sa_mask[0]=0x7ffbfeff, sa_flags=0x10000004
SIGUSR1: SIG_DFL, sa_mask[0]=0x00000000, sa_flags=0x00000000
SIGUSR2: [libjvm.so+0x597750], sa_mask[0]=0x00000000, sa_flags=0x10000004
SIGHUP: [libjvm.so+0x5974a0], sa_mask[0]=0x7ffbfeff, sa_flags=0x10000004
SIGINT: [libidl.so.8.2+0x227ef7], sa_mask[0]=0x00000000, sa_flags=0x10000000
SIGTERM: [libjvm.so+0x5974a0], sa_mask[0]=0x7ffbfeff, sa_flags=0x10000004
SIGQUIT: [libjvm.so+0x5974a0], sa_mask[0]=0x7ffbfeff, sa_flags=0x10000004


---------------  S Y S T E M  ---------------

OS:CentOS release 6.5 (Final)

uname:Linux 2.6.32-358.2.1.el6.x86_64 #1 SMP Wed Mar 13 00:26:49 UTC 2013 x86_64
libc:glibc 2.12 NPTL 2.12 
rlimit: STACK 10240k, CORE 0k, NPROC 1024, NOFILE 4096, AS infinity
load average:1.67 1.69 1.61

CPU:total 16 (8 cores per cpu, 1 threads per core) family 21 model 1 stepping 2, cmov, cx8, fxsr, mmx, sse, sse2, sse3, ssse3, sse4.1, sse4.2, mmxext, sse4a

Memory: 4k page, physical 264512096k(7471644k free), swap 12287992k(12528k free)

vm_info: Java HotSpot(TM) 64-Bit Server VM (14.3-b01) for linux-amd64 JRE (1.6.0_17-b04), built on Oct 11 2009 01:08:48 by "java_re" with gcc 3.2.2 (SuSE Linux)

time: Wed Jun 11 07:33:29 2014
elapsed time: 692221 seconds

